[2025-05-05T05:50:59.361Z] INFO: Socket.io server running on port 8080
[2025-05-05T05:51:07.382Z] INFO: New user connected: cUNrWwz-IsveCyuoAAAB as Lee
[2025-05-05T05:54:06.875Z] INFO: Socket.io server running on port 8080
[2025-05-05T05:54:07.114Z] INFO: New user connected: NLvqbZGykLc2L7Y3AAAB as Lee
[2025-05-05T05:54:13.213Z] INFO: Socket.io server running on port 8080
[2025-05-05T05:54:13.367Z] INFO: New user connected: 4Gn62YbMoWb5DmflAAAC as touthao
[2025-05-05T05:54:46.623Z] INFO: [Test] Received test_event from 4Gn62YbMoWb5DmflAAAC [object Object]
[2025-05-05T05:54:50.962Z] INFO: [Ack Test] Received ack_test from 4Gn62YbMoWb5DmflAAAC [object Object]
[2025-05-05T05:54:53.251Z] INFO: [Ping] Received custom_ping from 4Gn62YbMoWb5DmflAAAC [object Object]
[2025-05-05T05:55:04.731Z] INFO: [Test] Received test_event from 4Gn62YbMoWb5DmflAAAC [object Object]
[2025-05-05T05:55:10.629Z] INFO: New user connected: FUwjzI1IQ7aWrCBuAAAE as touthao
[2025-05-05T05:59:38.241Z] INFO: New user connected: FAerP1kqvzL7tYbbAAAG as Lee
[2025-05-05T06:00:05.814Z] INFO: [Event] join_room from FAerP1kqvzL7tYbbAAAG (Lee): Tou
[2025-05-05T06:00:06.621Z] INFO: [Event] join_room from FAerP1kqvzL7tYbbAAAG (Lee): Tou
[2025-05-05T06:00:13.969Z] INFO: New user connected: mDU6GTF7PiObcSvFAAAI as touthao
[2025-05-05T06:00:21.597Z] INFO: [Event] join_room from mDU6GTF7PiObcSvFAAAI (touthao): Tou
[2025-05-05T06:00:34.399Z] INFO: [Event] room_message from mDU6GTF7PiObcSvFAAAI (touthao): [object Object]
[2025-05-05T06:00:41.606Z] INFO: [Event] room_message from FAerP1kqvzL7tYbbAAAG (Lee): [object Object]
[2025-05-05T06:00:48.105Z] INFO: [Event] room_message from FAerP1kqvzL7tYbbAAAG (Lee): [object Object]
[2025-05-05T06:00:58.010Z] INFO: [Event] broadcast_message from FAerP1kqvzL7tYbbAAAG (Lee): [object Object]
[2025-05-05T06:01:15.514Z] INFO: [Test] Received test_event from FAerP1kqvzL7tYbbAAAG [object Object]
[2025-05-05T06:03:12.169Z] INFO: New user connected: mqn0wqZW6PaHNowGAAAK as Lee
[2025-05-05T06:04:50.032Z] INFO: Socket.io server running on port 8080
[2025-05-05T06:04:50.212Z] INFO: New user connected: QZ_sthTMqHbZg0PYAAAB as touthao
[2025-05-05T06:05:08.890Z] INFO: Socket.io server running on port 8080
[2025-05-05T06:05:09.096Z] INFO: New user connected: 3JgtpBoDvLEtAcIWAAAB as Lee
[2025-05-05T06:05:23.718Z] INFO: New user connected: BddXRl7DmN1w7E-tAAAD as Lucas
[2025-05-05T06:07:03.081Z] INFO: Socket.io server running on port 8080
[2025-05-05T06:07:03.250Z] INFO: New user connected: R-Kw7raFn3a-Ci3mAAAB as Lee
[2025-05-05T06:07:09.335Z] INFO: New user connected: TzqzpIzZy9l8vu-RAAAD as Lee
[2025-05-05T06:09:30.475Z] INFO: Socket.io server running on port 8080
[2025-05-05T06:09:30.631Z] INFO: New user connected: ULkH1yhOlQ_Q_9_YAAAB as Lee
[2025-05-05T06:09:39.260Z] INFO: New user connected: 8XilHW9ylcO0EgaXAAAF as Touthao
[2025-05-05T06:10:02.051Z] INFO: New user connected: 9XKUsyLy0cPOhVuaAAAH as Lucas
[2025-05-05T06:10:07.896Z] INFO: New user connected: pYqccZY_oAREloWQAAAJ as Lee
[2025-05-05T06:15:29.975Z] INFO: New user connected: TNSDAcQPL9o4YeORAAAL as Lee
[2025-05-05T06:15:59.222Z] INFO: New user connected: SAW6vPkhpn3gI78aAAAN as Lee
[2025-05-05T06:16:32.080Z] INFO: Socket.io server running on port 8080
[2025-05-05T06:16:32.304Z] INFO: New user connected: WLxPD3bOeM-sYUXsAAAB as Touthao
[2025-05-05T06:16:32.445Z] INFO: New user connected: MB-A2tJaQkRf0i3eAAAD as Lee
[2025-05-05T06:16:37.193Z] INFO: New user connected: SG7uZjgsY4g75i_oAAAF as Touthao
[2025-05-05T06:16:37.304Z] INFO: Touthao joined the chat
[2025-05-05T06:16:45.034Z] INFO: New user connected: H3r7jeBgJcXsYj2sAAAH as Lee
[2025-05-05T06:16:56.297Z] INFO: New user connected: wRj_A_wxH0ETrteOAAAL as Lee
[2025-05-05T06:16:56.403Z] INFO: Lee joined the chat
[2025-05-05T06:17:39.911Z] INFO: Lee disconnected
[2025-05-05T06:17:44.395Z] INFO: New user connected: _1GRP0g60Q23Z_3fAAAN as Lee
[2025-05-05T06:17:44.508Z] INFO: Lee joined the chat
[2025-05-05T06:17:48.734Z] INFO: Lee disconnected
[2025-05-05T06:17:56.268Z] INFO: New user connected: D6zDpS2DGSoOY7HRAAAP as Jack
[2025-05-05T06:17:56.368Z] INFO: Jack joined the chat
[2025-05-05T06:18:07.599Z] INFO: Jack disconnected
[2025-05-05T06:18:08.890Z] INFO: Touthao disconnected
[2025-05-05T06:49:51.294Z] INFO: New user connected: kxFf_9pTbTXysP_DAAAR as Jack
[2025-05-05T06:49:51.408Z] INFO: Jack joined the chat
[2025-05-05T06:50:34.810Z] INFO: Jack disconnected
[2025-05-05T06:50:35.947Z] INFO: New user connected: a7H6oKh8u1_vE_ehAAAT as Jack
[2025-05-05T06:50:36.061Z] INFO: Jack joined the chat
[2025-05-05T06:50:38.889Z] INFO: [Ping] Received custom_ping from a7H6oKh8u1_vE_ehAAAT [object Object]
[2025-05-05T06:50:41.771Z] INFO: [Ack Test] Received ack_test from a7H6oKh8u1_vE_ehAAAT [object Object]
[2025-05-05T06:50:48.666Z] INFO: [Test] Received test_event from a7H6oKh8u1_vE_ehAAAT [object Object]
[2025-05-05T06:51:00.929Z] INFO: [Event] broadcast_message from a7H6oKh8u1_vE_ehAAAT (Jack): [object Object]
[2025-05-05T06:51:10.018Z] INFO: Jack disconnected
[2025-05-05T12:39:27.610Z] INFO: New user connected: F4YxVzTfPnZQqqqxAAAV as Jack
[2025-05-05T12:39:27.712Z] INFO: Jack joined the chat
[2025-05-05T12:40:05.609Z] INFO: Jack disconnected
[2025-05-05T12:54:31.094Z] INFO: New user connected: 2JLN-LFZlucqVHpcAAAX as Jack
[2025-05-05T12:54:31.198Z] INFO: Jack joined the chat
[2025-05-05T12:56:04.068Z] INFO: Jack disconnected
[2025-05-05T13:26:06.038Z] INFO: New user connected: nH38INtBSdtRvlV6AAAZ as Touthao
[2025-05-05T13:26:06.296Z] INFO: Touthao joined the chat
[2025-05-05T13:26:19.680Z] INFO: Touthao disconnected
[2025-05-05T13:26:20.804Z] INFO: New user connected: m0Tl2vb2xQsmdJH6AAAb as Touthao
[2025-05-05T13:26:20.902Z] INFO: Touthao joined the chat
[2025-05-05T13:33:49.240Z] INFO: Touthao disconnected
[2025-05-05T13:33:50.869Z] INFO: New user connected: KMzWSxTmUuKs4P-QAAAd as Touthao
[2025-05-05T13:33:50.979Z] INFO: Touthao joined the chat
[2025-05-05T13:58:21.226Z] INFO: Touthao disconnected
[2025-05-05T13:58:58.054Z] INFO: New user connected: P7wWAbme6Fv7u5BtAAAf as Jack
[2025-05-05T13:58:58.159Z] INFO: Jack joined the chat
[2025-05-05T13:59:42.985Z] INFO: Jack disconnected
[2025-05-05T14:05:28.429Z] INFO: New user connected: _CwxzWRxXCb6qz3aAAAh as Touthao
[2025-05-05T14:05:28.620Z] INFO: Touthao joined the chat
[2025-05-05T14:13:15.964Z] INFO: New user connected: 6AOZzfDFkB5_R8nPAAAj as Jack
[2025-05-05T14:13:16.096Z] INFO: Jack joined the chat
[2025-05-05T14:13:23.411Z] INFO: Jack disconnected
[2025-05-05T14:13:28.520Z] INFO: New user connected: twnyw90oy8cw97VBAAAl as Jack
[2025-05-05T14:13:28.623Z] INFO: Jack joined the chat
[2025-05-05T14:14:41.495Z] INFO: Jack disconnected
[2025-05-05T14:21:36.274Z] INFO: Touthao disconnected
[2025-05-05T14:21:38.208Z] INFO: Socket.io server running on port 8080
[2025-05-05T14:21:45.192Z] INFO: New user connected: QN9AVyDRxMcUY1lXAAAB as touthao
[2025-05-05T14:21:45.298Z] INFO: touthao joined the chat
[2025-05-05T14:27:57.967Z] INFO: touthao disconnected
[2025-05-05T14:27:59.567Z] INFO: Socket.io server running on port 8080
[2025-05-05T14:28:03.488Z] INFO: New user connected: 88l9n8aC5Ggze2E-AAAB as touthao
[2025-05-05T14:28:03.590Z] INFO: touthao joined the chat
[2025-05-05T14:31:31.982Z] INFO: touthao disconnected
[2025-05-05T14:31:42.299Z] INFO: Socket.io server running on port 8080
[2025-05-05T14:31:42.436Z] INFO: New user connected: AvPJFqy6B-X4whA9AAAB as touthao
[2025-05-05T14:31:42.541Z] INFO: touthao joined the chat
[2025-05-05T15:03:00.247Z] INFO: touthao disconnected
[2025-05-05T15:03:01.869Z] INFO: Socket.io server running on port 8080
[2025-05-05T15:03:04.211Z] INFO: New user connected: Qz84TMNuMjDE8hUzAAAB as touthao
[2025-05-05T15:03:04.323Z] INFO: touthao joined the chat
[2025-05-05T15:03:08.977Z] INFO: New user connected: 9vL-sWPcIRbICyHwAAAM as loadtest_0_1746457389946
[2025-05-05T15:03:08.979Z] INFO: New user connected: izUC7vdSAIIhSkhbAAAN as loadtest_1_1746457389947
[2025-05-05T15:03:08.992Z] INFO: New user connected: yVLE2M591NxnS2KbAAAO as loadtest_7_1746457389953
[2025-05-05T15:03:08.994Z] INFO: New user connected: QCMfYLX98lXZIWlEAAAP as loadtest_2_1746457389948
[2025-05-05T15:03:09.002Z] INFO: New user connected: iDzY8fKHOTXETZlcAAAQ as loadtest_3_1746457389949
[2025-05-05T15:03:09.005Z] INFO: New user connected: t6BFCQsfQ81JOvRZAAAR as loadtest_9_1746457389955
[2025-05-05T15:03:09.017Z] INFO: New user connected: jr_t6OCz2MfXoHYxAAAS as loadtest_8_1746457389954
[2025-05-05T15:03:09.020Z] INFO: New user connected: DBu1BpN5gFfnHf9RAAAT as loadtest_6_1746457389952
[2025-05-05T15:03:09.022Z] INFO: New user connected: FzJPxgkctVguhwB1AAAU as loadtest_4_1746457389950
[2025-05-05T15:03:09.023Z] INFO: New user connected: gknbdB4LwGCdz8ksAAAV as loadtest_5_1746457389951
[2025-05-05T15:03:10.092Z] INFO: [Test] Received test_event from 9vL-sWPcIRbICyHwAAAM [object Object]
[2025-05-05T15:03:10.103Z] INFO: [Test] Received test_event from izUC7vdSAIIhSkhbAAAN [object Object]
[2025-05-05T15:03:10.152Z] INFO: [Test] Received test_event from yVLE2M591NxnS2KbAAAO [object Object]
[2025-05-05T15:03:10.690Z] INFO: [Test] Received test_event from QCMfYLX98lXZIWlEAAAP [object Object]
[2025-05-05T15:03:10.692Z] INFO: [Test] Received test_event from iDzY8fKHOTXETZlcAAAQ [object Object]
[2025-05-05T15:03:10.693Z] INFO: [Test] Received test_event from t6BFCQsfQ81JOvRZAAAR [object Object]
[2025-05-05T15:03:10.695Z] INFO: [Test] Received test_event from FzJPxgkctVguhwB1AAAU [object Object]
[2025-05-05T15:03:10.697Z] INFO: [Test] Received test_event from jr_t6OCz2MfXoHYxAAAS [object Object]
[2025-05-05T15:03:10.698Z] INFO: [Test] Received test_event from gknbdB4LwGCdz8ksAAAV [object Object]
[2025-05-05T15:03:10.701Z] INFO: [Test] Received test_event from DBu1BpN5gFfnHf9RAAAT [object Object]
[2025-05-05T15:03:11.087Z] INFO: [Test] Received test_event from 9vL-sWPcIRbICyHwAAAM [object Object]
[2025-05-05T15:03:11.094Z] INFO: [Test] Received test_event from izUC7vdSAIIhSkhbAAAN [object Object]
[2025-05-05T15:03:11.098Z] INFO: [Test] Received test_event from yVLE2M591NxnS2KbAAAO [object Object]
[2025-05-05T15:03:11.115Z] INFO: [Test] Received test_event from QCMfYLX98lXZIWlEAAAP [object Object]
[2025-05-05T15:03:11.123Z] INFO: [Test] Received test_event from iDzY8fKHOTXETZlcAAAQ [object Object]
[2025-05-05T15:03:11.124Z] INFO: [Test] Received test_event from t6BFCQsfQ81JOvRZAAAR [object Object]
[2025-05-05T15:03:11.150Z] INFO: [Test] Received test_event from FzJPxgkctVguhwB1AAAU [object Object]
[2025-05-05T15:03:11.152Z] INFO: [Test] Received test_event from gknbdB4LwGCdz8ksAAAV [object Object]
[2025-05-05T15:03:11.154Z] INFO: [Test] Received test_event from jr_t6OCz2MfXoHYxAAAS [object Object]
[2025-05-05T15:03:11.155Z] INFO: [Test] Received test_event from DBu1BpN5gFfnHf9RAAAT [object Object]
[2025-05-05T15:03:12.088Z] INFO: [Test] Received test_event from 9vL-sWPcIRbICyHwAAAM [object Object]
[2025-05-05T15:03:12.089Z] INFO: [Test] Received test_event from izUC7vdSAIIhSkhbAAAN [object Object]
[2025-05-05T15:03:12.090Z] INFO: [Test] Received test_event from yVLE2M591NxnS2KbAAAO [object Object]
[2025-05-05T15:03:12.105Z] INFO: [Test] Received test_event from QCMfYLX98lXZIWlEAAAP [object Object]
[2025-05-05T15:03:12.110Z] INFO: [Test] Received test_event from iDzY8fKHOTXETZlcAAAQ [object Object]
[2025-05-05T15:03:12.122Z] INFO: [Test] Received test_event from t6BFCQsfQ81JOvRZAAAR [object Object]
[2025-05-05T15:03:12.143Z] INFO: [Test] Received test_event from FzJPxgkctVguhwB1AAAU [object Object]
[2025-05-05T15:03:12.144Z] INFO: [Test] Received test_event from gknbdB4LwGCdz8ksAAAV [object Object]
[2025-05-05T15:03:12.144Z] INFO: [Test] Received test_event from jr_t6OCz2MfXoHYxAAAS [object Object]
[2025-05-05T15:03:12.152Z] INFO: [Test] Received test_event from DBu1BpN5gFfnHf9RAAAT [object Object]
[2025-05-05T15:03:13.075Z] INFO: [Test] Received test_event from 9vL-sWPcIRbICyHwAAAM [object Object]
[2025-05-05T15:03:13.086Z] INFO: [Test] Received test_event from izUC7vdSAIIhSkhbAAAN [object Object]
[2025-05-05T15:03:13.090Z] INFO: [Test] Received test_event from yVLE2M591NxnS2KbAAAO [object Object]
[2025-05-05T15:03:13.106Z] INFO: [Test] Received test_event from QCMfYLX98lXZIWlEAAAP [object Object]
[2025-05-05T15:03:13.114Z] INFO: [Test] Received test_event from iDzY8fKHOTXETZlcAAAQ [object Object]
[2025-05-05T15:03:13.122Z] INFO: [Test] Received test_event from t6BFCQsfQ81JOvRZAAAR [object Object]
[2025-05-05T15:03:13.139Z] INFO: [Test] Received test_event from FzJPxgkctVguhwB1AAAU [object Object]
[2025-05-05T15:03:13.140Z] INFO: [Test] Received test_event from jr_t6OCz2MfXoHYxAAAS [object Object]
[2025-05-05T15:03:13.146Z] INFO: [Test] Received test_event from DBu1BpN5gFfnHf9RAAAT [object Object]
[2025-05-05T15:03:13.147Z] INFO: [Test] Received test_event from gknbdB4LwGCdz8ksAAAV [object Object]
[2025-05-05T15:03:14.082Z] INFO: [Test] Received test_event from 9vL-sWPcIRbICyHwAAAM [object Object]
[2025-05-05T15:03:14.092Z] INFO: [Test] Received test_event from izUC7vdSAIIhSkhbAAAN [object Object]
[2025-05-05T15:03:14.093Z] INFO: [Test] Received test_event from yVLE2M591NxnS2KbAAAO [object Object]
[2025-05-05T15:03:14.107Z] INFO: [Test] Received test_event from QCMfYLX98lXZIWlEAAAP [object Object]
[2025-05-05T15:03:14.114Z] INFO: [Test] Received test_event from iDzY8fKHOTXETZlcAAAQ [object Object]
[2025-05-05T15:03:14.124Z] INFO: [Test] Received test_event from t6BFCQsfQ81JOvRZAAAR [object Object]
[2025-05-05T15:03:14.147Z] INFO: [Test] Received test_event from DBu1BpN5gFfnHf9RAAAT [object Object]
[2025-05-05T15:03:14.148Z] INFO: [Test] Received test_event from FzJPxgkctVguhwB1AAAU [object Object]
[2025-05-05T15:03:14.148Z] INFO: [Test] Received test_event from jr_t6OCz2MfXoHYxAAAS [object Object]
[2025-05-05T15:03:14.149Z] INFO: [Test] Received test_event from gknbdB4LwGCdz8ksAAAV [object Object]
[2025-05-05T15:03:15.079Z] INFO: [Test] Received test_event from 9vL-sWPcIRbICyHwAAAM [object Object]
[2025-05-05T15:03:15.087Z] INFO: [Test] Received test_event from izUC7vdSAIIhSkhbAAAN [object Object]
[2025-05-05T15:03:15.095Z] INFO: [Test] Received test_event from yVLE2M591NxnS2KbAAAO [object Object]
[2025-05-05T15:03:15.107Z] INFO: [Test] Received test_event from iDzY8fKHOTXETZlcAAAQ [object Object]
[2025-05-05T15:03:15.109Z] INFO: [Test] Received test_event from QCMfYLX98lXZIWlEAAAP [object Object]
[2025-05-05T15:03:15.123Z] INFO: [Test] Received test_event from t6BFCQsfQ81JOvRZAAAR [object Object]
[2025-05-05T15:03:15.143Z] INFO: [Test] Received test_event from DBu1BpN5gFfnHf9RAAAT [object Object]
[2025-05-05T15:03:15.144Z] INFO: [Test] Received test_event from FzJPxgkctVguhwB1AAAU [object Object]
[2025-05-05T15:03:15.145Z] INFO: [Test] Received test_event from gknbdB4LwGCdz8ksAAAV [object Object]
[2025-05-05T15:03:15.145Z] INFO: [Test] Received test_event from jr_t6OCz2MfXoHYxAAAS [object Object]
[2025-05-05T15:03:16.083Z] INFO: [Test] Received test_event from 9vL-sWPcIRbICyHwAAAM [object Object]
[2025-05-05T15:03:16.084Z] INFO: [Test] Received test_event from izUC7vdSAIIhSkhbAAAN [object Object]
[2025-05-05T15:03:16.091Z] INFO: [Test] Received test_event from yVLE2M591NxnS2KbAAAO [object Object]
[2025-05-05T15:03:16.107Z] INFO: [Test] Received test_event from iDzY8fKHOTXETZlcAAAQ [object Object]
[2025-05-05T15:03:16.108Z] INFO: [Test] Received test_event from QCMfYLX98lXZIWlEAAAP [object Object]
[2025-05-05T15:03:16.123Z] INFO: [Test] Received test_event from t6BFCQsfQ81JOvRZAAAR [object Object]
[2025-05-05T15:03:16.139Z] INFO: [Test] Received test_event from FzJPxgkctVguhwB1AAAU [object Object]
[2025-05-05T15:03:16.139Z] INFO: [Test] Received test_event from jr_t6OCz2MfXoHYxAAAS [object Object]
[2025-05-05T15:03:16.147Z] INFO: [Test] Received test_event from DBu1BpN5gFfnHf9RAAAT [object Object]
[2025-05-05T15:03:16.148Z] INFO: [Test] Received test_event from gknbdB4LwGCdz8ksAAAV [object Object]
[2025-05-05T15:03:17.075Z] INFO: [Test] Received test_event from 9vL-sWPcIRbICyHwAAAM [object Object]
[2025-05-05T15:03:17.091Z] INFO: [Test] Received test_event from izUC7vdSAIIhSkhbAAAN [object Object]
[2025-05-05T15:03:17.099Z] INFO: [Test] Received test_event from yVLE2M591NxnS2KbAAAO [object Object]
[2025-05-05T15:03:17.107Z] INFO: [Test] Received test_event from QCMfYLX98lXZIWlEAAAP [object Object]
[2025-05-05T15:03:17.115Z] INFO: [Test] Received test_event from t6BFCQsfQ81JOvRZAAAR [object Object]
[2025-05-05T15:03:17.116Z] INFO: [Test] Received test_event from iDzY8fKHOTXETZlcAAAQ [object Object]
[2025-05-05T15:03:17.135Z] INFO: [Test] Received test_event from DBu1BpN5gFfnHf9RAAAT [object Object]
[2025-05-05T15:03:17.136Z] INFO: [Test] Received test_event from FzJPxgkctVguhwB1AAAU [object Object]
[2025-05-05T15:03:17.136Z] INFO: [Test] Received test_event from gknbdB4LwGCdz8ksAAAV [object Object]
[2025-05-05T15:03:17.137Z] INFO: [Test] Received test_event from jr_t6OCz2MfXoHYxAAAS [object Object]
[2025-05-05T15:03:18.083Z] INFO: [Test] Received test_event from 9vL-sWPcIRbICyHwAAAM [object Object]
[2025-05-05T15:03:18.084Z] INFO: [Test] Received test_event from izUC7vdSAIIhSkhbAAAN [object Object]
[2025-05-05T15:03:18.101Z] INFO: [Test] Received test_event from yVLE2M591NxnS2KbAAAO [object Object]
[2025-05-05T15:03:18.106Z] INFO: [Test] Received test_event from QCMfYLX98lXZIWlEAAAP [object Object]
[2025-05-05T15:03:18.107Z] INFO: [Test] Received test_event from iDzY8fKHOTXETZlcAAAQ [object Object]
[2025-05-05T15:03:18.123Z] INFO: [Test] Received test_event from t6BFCQsfQ81JOvRZAAAR [object Object]
[2025-05-05T15:03:18.143Z] INFO: [Test] Received test_event from DBu1BpN5gFfnHf9RAAAT [object Object]
[2025-05-05T15:03:18.144Z] INFO: [Test] Received test_event from FzJPxgkctVguhwB1AAAU [object Object]
[2025-05-05T15:03:18.144Z] INFO: [Test] Received test_event from jr_t6OCz2MfXoHYxAAAS [object Object]
[2025-05-05T15:03:18.145Z] INFO: [Test] Received test_event from gknbdB4LwGCdz8ksAAAV [object Object]
[2025-05-05T15:03:19.080Z] INFO: [Test] Received test_event from 9vL-sWPcIRbICyHwAAAM [object Object]
[2025-05-05T15:03:19.088Z] INFO: [Test] Received test_event from yVLE2M591NxnS2KbAAAO [object Object]
[2025-05-05T15:03:19.089Z] INFO: [Test] Received test_event from izUC7vdSAIIhSkhbAAAN [object Object]
[2025-05-05T15:03:19.111Z] INFO: [Test] Received test_event from QCMfYLX98lXZIWlEAAAP [object Object]
[2025-05-05T15:03:19.112Z] INFO: [Test] Received test_event from iDzY8fKHOTXETZlcAAAQ [object Object]
[2025-05-05T15:03:19.119Z] INFO: [Test] Received test_event from t6BFCQsfQ81JOvRZAAAR [object Object]
[2025-05-05T15:03:19.131Z] INFO: [Test] Received test_event from FzJPxgkctVguhwB1AAAU [object Object]
[2025-05-05T15:03:19.132Z] INFO: [Test] Received test_event from jr_t6OCz2MfXoHYxAAAS [object Object]
[2025-05-05T15:03:19.132Z] INFO: [Test] Received test_event from gknbdB4LwGCdz8ksAAAV [object Object]
[2025-05-05T15:03:19.139Z] INFO: [Test] Received test_event from DBu1BpN5gFfnHf9RAAAT [object Object]
[2025-05-05T15:03:20.075Z] INFO: [Test] Received test_event from 9vL-sWPcIRbICyHwAAAM [object Object]
[2025-05-05T15:03:20.077Z] INFO: [Test] Received test_event from izUC7vdSAIIhSkhbAAAN [object Object]
[2025-05-05T15:03:20.095Z] INFO: [Test] Received test_event from yVLE2M591NxnS2KbAAAO [object Object]
[2025-05-05T15:03:20.103Z] INFO: [Test] Received test_event from QCMfYLX98lXZIWlEAAAP [object Object]
[2025-05-05T15:03:20.111Z] INFO: [Test] Received test_event from t6BFCQsfQ81JOvRZAAAR [object Object]
[2025-05-05T15:03:20.112Z] INFO: [Test] Received test_event from iDzY8fKHOTXETZlcAAAQ [object Object]
[2025-05-05T15:03:20.127Z] INFO: [Test] Received test_event from FzJPxgkctVguhwB1AAAU [object Object]
[2025-05-05T15:03:20.135Z] INFO: [Test] Received test_event from DBu1BpN5gFfnHf9RAAAT [object Object]
[2025-05-05T15:03:20.137Z] INFO: [Test] Received test_event from jr_t6OCz2MfXoHYxAAAS [object Object]
[2025-05-05T15:03:20.138Z] INFO: [Test] Received test_event from gknbdB4LwGCdz8ksAAAV [object Object]
[2025-05-05T15:03:21.087Z] INFO: [Test] Received test_event from 9vL-sWPcIRbICyHwAAAM [object Object]
[2025-05-05T15:03:21.095Z] INFO: [Test] Received test_event from izUC7vdSAIIhSkhbAAAN [object Object]
[2025-05-05T15:03:21.104Z] INFO: [Test] Received test_event from yVLE2M591NxnS2KbAAAO [object Object]
[2025-05-05T15:03:21.111Z] INFO: [Test] Received test_event from iDzY8fKHOTXETZlcAAAQ [object Object]
[2025-05-05T15:03:21.113Z] INFO: [Test] Received test_event from QCMfYLX98lXZIWlEAAAP [object Object]
[2025-05-05T15:03:21.119Z] INFO: [Test] Received test_event from t6BFCQsfQ81JOvRZAAAR [object Object]
[2025-05-05T15:03:21.135Z] INFO: [Test] Received test_event from FzJPxgkctVguhwB1AAAU [object Object]
[2025-05-05T15:03:21.137Z] INFO: [Test] Received test_event from jr_t6OCz2MfXoHYxAAAS [object Object]
[2025-05-05T15:03:21.143Z] INFO: [Test] Received test_event from DBu1BpN5gFfnHf9RAAAT [object Object]
[2025-05-05T15:03:21.144Z] INFO: [Test] Received test_event from gknbdB4LwGCdz8ksAAAV [object Object]
[2025-05-05T15:03:22.079Z] INFO: [Test] Received test_event from 9vL-sWPcIRbICyHwAAAM [object Object]
[2025-05-05T15:03:22.080Z] INFO: [Test] Received test_event from izUC7vdSAIIhSkhbAAAN [object Object]
[2025-05-05T15:03:22.091Z] INFO: [Test] Received test_event from yVLE2M591NxnS2KbAAAO [object Object]
[2025-05-05T15:03:22.103Z] INFO: [Test] Received test_event from QCMfYLX98lXZIWlEAAAP [object Object]
[2025-05-05T15:03:22.110Z] INFO: [Test] Received test_event from iDzY8fKHOTXETZlcAAAQ [object Object]
[2025-05-05T15:03:22.119Z] INFO: [Test] Received test_event from t6BFCQsfQ81JOvRZAAAR [object Object]
[2025-05-05T15:03:22.139Z] INFO: [Test] Received test_event from DBu1BpN5gFfnHf9RAAAT [object Object]
[2025-05-05T15:03:22.140Z] INFO: [Test] Received test_event from FzJPxgkctVguhwB1AAAU [object Object]
[2025-05-05T15:03:22.140Z] INFO: [Test] Received test_event from gknbdB4LwGCdz8ksAAAV [object Object]
[2025-05-05T15:03:22.141Z] INFO: [Test] Received test_event from jr_t6OCz2MfXoHYxAAAS [object Object]
[2025-05-05T15:03:23.083Z] INFO: [Test] Received test_event from 9vL-sWPcIRbICyHwAAAM [object Object]
[2025-05-05T15:03:23.084Z] INFO: [Test] Received test_event from izUC7vdSAIIhSkhbAAAN [object Object]
[2025-05-05T15:03:23.087Z] INFO: [Test] Received test_event from yVLE2M591NxnS2KbAAAO [object Object]
[2025-05-05T15:03:23.104Z] INFO: [Test] Received test_event from QCMfYLX98lXZIWlEAAAP [object Object]
[2025-05-05T15:03:23.110Z] INFO: [Test] Received test_event from t6BFCQsfQ81JOvRZAAAR [object Object]
[2025-05-05T15:03:23.111Z] INFO: [Test] Received test_event from iDzY8fKHOTXETZlcAAAQ [object Object]
[2025-05-05T15:03:23.142Z] INFO: [Test] Received test_event from FzJPxgkctVguhwB1AAAU [object Object]
[2025-05-05T15:03:23.143Z] INFO: [Test] Received test_event from DBu1BpN5gFfnHf9RAAAT [object Object]
[2025-05-05T15:03:23.144Z] INFO: [Test] Received test_event from jr_t6OCz2MfXoHYxAAAS [object Object]
[2025-05-05T15:03:23.145Z] INFO: [Test] Received test_event from gknbdB4LwGCdz8ksAAAV [object Object]
[2025-05-05T15:03:24.070Z] INFO: [Test] Received test_event from 9vL-sWPcIRbICyHwAAAM [object Object]
[2025-05-05T15:03:24.086Z] INFO: [Test] Received test_event from izUC7vdSAIIhSkhbAAAN [object Object]
[2025-05-05T15:03:24.092Z] INFO: [Test] Received test_event from yVLE2M591NxnS2KbAAAO [object Object]
[2025-05-05T15:03:24.107Z] INFO: [Test] Received test_event from QCMfYLX98lXZIWlEAAAP [object Object]
[2025-05-05T15:03:24.108Z] INFO: [Test] Received test_event from iDzY8fKHOTXETZlcAAAQ [object Object]
[2025-05-05T15:03:24.123Z] INFO: [Test] Received test_event from t6BFCQsfQ81JOvRZAAAR [object Object]
[2025-05-05T15:03:24.135Z] INFO: [Test] Received test_event from FzJPxgkctVguhwB1AAAU [object Object]
[2025-05-05T15:03:24.143Z] INFO: [Test] Received test_event from DBu1BpN5gFfnHf9RAAAT [object Object]
[2025-05-05T15:03:24.144Z] INFO: [Test] Received test_event from jr_t6OCz2MfXoHYxAAAS [object Object]
[2025-05-05T15:03:24.144Z] INFO: [Test] Received test_event from gknbdB4LwGCdz8ksAAAV [object Object]
[2025-05-05T15:03:25.076Z] INFO: [Test] Received test_event from 9vL-sWPcIRbICyHwAAAM [object Object]
[2025-05-05T15:03:25.082Z] INFO: [Test] Received test_event from izUC7vdSAIIhSkhbAAAN [object Object]
[2025-05-05T15:03:25.096Z] INFO: [Test] Received test_event from yVLE2M591NxnS2KbAAAO [object Object]
[2025-05-05T15:03:25.103Z] INFO: [Test] Received test_event from QCMfYLX98lXZIWlEAAAP [object Object]
[2025-05-05T15:03:25.110Z] INFO: [Test] Received test_event from iDzY8fKHOTXETZlcAAAQ [object Object]
[2025-05-05T15:03:25.118Z] INFO: [Test] Received test_event from t6BFCQsfQ81JOvRZAAAR [object Object]
[2025-05-05T15:03:25.126Z] INFO: [Test] Received test_event from FzJPxgkctVguhwB1AAAU [object Object]
[2025-05-05T15:03:25.130Z] INFO: [Test] Received test_event from DBu1BpN5gFfnHf9RAAAT [object Object]
[2025-05-05T15:03:25.131Z] INFO: [Test] Received test_event from gknbdB4LwGCdz8ksAAAV [object Object]
[2025-05-05T15:03:25.132Z] INFO: [Test] Received test_event from jr_t6OCz2MfXoHYxAAAS [object Object]
[2025-05-05T15:03:26.086Z] INFO: [Test] Received test_event from 9vL-sWPcIRbICyHwAAAM [object Object]
[2025-05-05T15:03:26.087Z] INFO: [Test] Received test_event from izUC7vdSAIIhSkhbAAAN [object Object]
[2025-05-05T15:03:26.094Z] INFO: [Test] Received test_event from yVLE2M591NxnS2KbAAAO [object Object]
[2025-05-05T15:03:26.110Z] INFO: [Test] Received test_event from iDzY8fKHOTXETZlcAAAQ [object Object]
[2025-05-05T15:03:26.111Z] INFO: [Test] Received test_event from QCMfYLX98lXZIWlEAAAP [object Object]
[2025-05-05T15:03:26.122Z] INFO: [Test] Received test_event from t6BFCQsfQ81JOvRZAAAR [object Object]
[2025-05-05T15:03:26.138Z] INFO: [Test] Received test_event from FzJPxgkctVguhwB1AAAU [object Object]
[2025-05-05T15:03:26.146Z] INFO: [Test] Received test_event from DBu1BpN5gFfnHf9RAAAT [object Object]
[2025-05-05T15:03:26.147Z] INFO: [Test] Received test_event from jr_t6OCz2MfXoHYxAAAS [object Object]
[2025-05-05T15:03:26.147Z] INFO: [Test] Received test_event from gknbdB4LwGCdz8ksAAAV [object Object]
[2025-05-05T15:03:27.082Z] INFO: [Test] Received test_event from 9vL-sWPcIRbICyHwAAAM [object Object]
[2025-05-05T15:03:27.083Z] INFO: [Test] Received test_event from izUC7vdSAIIhSkhbAAAN [object Object]
[2025-05-05T15:03:27.090Z] INFO: [Test] Received test_event from yVLE2M591NxnS2KbAAAO [object Object]
[2025-05-05T15:03:27.106Z] INFO: [Test] Received test_event from QCMfYLX98lXZIWlEAAAP [object Object]
[2025-05-05T15:03:27.114Z] INFO: [Test] Received test_event from iDzY8fKHOTXETZlcAAAQ [object Object]
[2025-05-05T15:03:27.121Z] INFO: [Test] Received test_event from t6BFCQsfQ81JOvRZAAAR [object Object]
[2025-05-05T15:03:27.142Z] INFO: [Test] Received test_event from DBu1BpN5gFfnHf9RAAAT [object Object]
[2025-05-05T15:03:27.143Z] INFO: [Test] Received test_event from FzJPxgkctVguhwB1AAAU [object Object]
[2025-05-05T15:03:27.143Z] INFO: [Test] Received test_event from jr_t6OCz2MfXoHYxAAAS [object Object]
[2025-05-05T15:03:27.144Z] INFO: [Test] Received test_event from gknbdB4LwGCdz8ksAAAV [object Object]
[2025-05-05T15:03:27.918Z] INFO: New user connected: PZ3lMjPcaLlsG9ANAAAX as Jack
[2025-05-05T15:03:28.024Z] INFO: Jack joined the chat
[2025-05-05T15:03:28.082Z] INFO: [Test] Received test_event from 9vL-sWPcIRbICyHwAAAM [object Object]
[2025-05-05T15:03:28.090Z] INFO: [Test] Received test_event from izUC7vdSAIIhSkhbAAAN [object Object]
[2025-05-05T15:03:28.091Z] INFO: [Test] Received test_event from yVLE2M591NxnS2KbAAAO [object Object]
[2025-05-05T15:03:28.106Z] INFO: [Test] Received test_event from QCMfYLX98lXZIWlEAAAP [object Object]
[2025-05-05T15:03:28.114Z] INFO: [Test] Received test_event from t6BFCQsfQ81JOvRZAAAR [object Object]
[2025-05-05T15:03:28.115Z] INFO: [Test] Received test_event from iDzY8fKHOTXETZlcAAAQ [object Object]
[2025-05-05T15:03:28.142Z] INFO: [Test] Received test_event from DBu1BpN5gFfnHf9RAAAT [object Object]
[2025-05-05T15:03:28.143Z] INFO: [Test] Received test_event from FzJPxgkctVguhwB1AAAU [object Object]
[2025-05-05T15:03:28.143Z] INFO: [Test] Received test_event from jr_t6OCz2MfXoHYxAAAS [object Object]
[2025-05-05T15:03:28.143Z] INFO: [Test] Received test_event from gknbdB4LwGCdz8ksAAAV [object Object]
[2025-05-05T15:03:29.080Z] INFO: [Test] Received test_event from 9vL-sWPcIRbICyHwAAAM [object Object]
[2025-05-05T15:03:29.082Z] INFO: [Test] Received test_event from izUC7vdSAIIhSkhbAAAN [object Object]
[2025-05-05T15:03:29.083Z] INFO: [Test] Received test_event from yVLE2M591NxnS2KbAAAO [object Object]
[2025-05-05T15:03:29.104Z] INFO: [Test] Received test_event from QCMfYLX98lXZIWlEAAAP [object Object]
[2025-05-05T15:03:29.110Z] INFO: [Test] Received test_event from iDzY8fKHOTXETZlcAAAQ [object Object]
[2025-05-05T15:03:29.118Z] INFO: [Test] Received test_event from t6BFCQsfQ81JOvRZAAAR [object Object]
[2025-05-05T15:03:29.134Z] INFO: [Test] Received test_event from FzJPxgkctVguhwB1AAAU [object Object]
[2025-05-05T15:03:29.142Z] INFO: [Test] Received test_event from DBu1BpN5gFfnHf9RAAAT [object Object]
[2025-05-05T15:03:29.143Z] INFO: [Test] Received test_event from jr_t6OCz2MfXoHYxAAAS [object Object]
[2025-05-05T15:03:29.144Z] INFO: [Test] Received test_event from gknbdB4LwGCdz8ksAAAV [object Object]
[2025-05-05T15:03:30.074Z] INFO: [Test] Received test_event from 9vL-sWPcIRbICyHwAAAM [object Object]
[2025-05-05T15:03:30.079Z] INFO: [Test] Received test_event from izUC7vdSAIIhSkhbAAAN [object Object]
[2025-05-05T15:03:30.087Z] INFO: [Test] Received test_event from yVLE2M591NxnS2KbAAAO [object Object]
[2025-05-05T15:03:30.103Z] INFO: [Test] Received test_event from QCMfYLX98lXZIWlEAAAP [object Object]
[2025-05-05T15:03:30.119Z] INFO: [Test] Received test_event from t6BFCQsfQ81JOvRZAAAR [object Object]
[2025-05-05T15:03:30.120Z] INFO: [Test] Received test_event from iDzY8fKHOTXETZlcAAAQ [object Object]
[2025-05-05T15:03:30.135Z] INFO: [Test] Received test_event from FzJPxgkctVguhwB1AAAU [object Object]
[2025-05-05T15:03:30.142Z] INFO: [Test] Received test_event from DBu1BpN5gFfnHf9RAAAT [object Object]
[2025-05-05T15:03:30.143Z] INFO: [Test] Received test_event from jr_t6OCz2MfXoHYxAAAS [object Object]
[2025-05-05T15:03:30.143Z] INFO: [Test] Received test_event from gknbdB4LwGCdz8ksAAAV [object Object]
[2025-05-05T15:03:31.075Z] INFO: [Test] Received test_event from 9vL-sWPcIRbICyHwAAAM [object Object]
[2025-05-05T15:03:31.082Z] INFO: [Test] Received test_event from izUC7vdSAIIhSkhbAAAN [object Object]
[2025-05-05T15:03:31.087Z] INFO: [Test] Received test_event from yVLE2M591NxnS2KbAAAO [object Object]
[2025-05-05T15:03:31.111Z] INFO: [Test] Received test_event from QCMfYLX98lXZIWlEAAAP [object Object]
[2025-05-05T15:03:31.112Z] INFO: [Test] Received test_event from t6BFCQsfQ81JOvRZAAAR [object Object]
[2025-05-05T15:03:31.113Z] INFO: [Test] Received test_event from iDzY8fKHOTXETZlcAAAQ [object Object]
[2025-05-05T15:03:31.135Z] INFO: [Test] Received test_event from FzJPxgkctVguhwB1AAAU [object Object]
[2025-05-05T15:03:31.142Z] INFO: [Test] Received test_event from DBu1BpN5gFfnHf9RAAAT [object Object]
[2025-05-05T15:03:31.143Z] INFO: [Test] Received test_event from gknbdB4LwGCdz8ksAAAV [object Object]
[2025-05-05T15:03:31.144Z] INFO: [Test] Received test_event from jr_t6OCz2MfXoHYxAAAS [object Object]
[2025-05-05T15:03:32.075Z] INFO: [Test] Received test_event from 9vL-sWPcIRbICyHwAAAM [object Object]
[2025-05-05T15:03:32.082Z] INFO: [Test] Received test_event from izUC7vdSAIIhSkhbAAAN [object Object]
[2025-05-05T15:03:32.090Z] INFO: [Test] Received test_event from yVLE2M591NxnS2KbAAAO [object Object]
[2025-05-05T15:03:32.106Z] INFO: [Test] Received test_event from QCMfYLX98lXZIWlEAAAP [object Object]
[2025-05-05T15:03:32.114Z] INFO: [Test] Received test_event from iDzY8fKHOTXETZlcAAAQ [object Object]
[2025-05-05T15:03:32.122Z] INFO: [Test] Received test_event from t6BFCQsfQ81JOvRZAAAR [object Object]
[2025-05-05T15:03:32.142Z] INFO: [Test] Received test_event from DBu1BpN5gFfnHf9RAAAT [object Object]
[2025-05-05T15:03:32.143Z] INFO: [Test] Received test_event from FzJPxgkctVguhwB1AAAU [object Object]
[2025-05-05T15:03:32.144Z] INFO: [Test] Received test_event from jr_t6OCz2MfXoHYxAAAS [object Object]
[2025-05-05T15:03:32.144Z] INFO: [Test] Received test_event from gknbdB4LwGCdz8ksAAAV [object Object]
[2025-05-05T15:03:33.074Z] INFO: [Test] Received test_event from 9vL-sWPcIRbICyHwAAAM [object Object]
[2025-05-05T15:03:33.092Z] INFO: [Test] Received test_event from izUC7vdSAIIhSkhbAAAN [object Object]
[2025-05-05T15:03:33.094Z] INFO: [Test] Received test_event from yVLE2M591NxnS2KbAAAO [object Object]
[2025-05-05T15:03:33.106Z] INFO: [Test] Received test_event from QCMfYLX98lXZIWlEAAAP [object Object]
[2025-05-05T15:03:33.114Z] INFO: [Test] Received test_event from t6BFCQsfQ81JOvRZAAAR [object Object]
[2025-05-05T15:03:33.115Z] INFO: [Test] Received test_event from iDzY8fKHOTXETZlcAAAQ [object Object]
[2025-05-05T15:03:33.145Z] INFO: [Test] Received test_event from DBu1BpN5gFfnHf9RAAAT [object Object]
[2025-05-05T15:03:33.146Z] INFO: [Test] Received test_event from FzJPxgkctVguhwB1AAAU [object Object]
[2025-05-05T15:03:33.146Z] INFO: [Test] Received test_event from gknbdB4LwGCdz8ksAAAV [object Object]
[2025-05-05T15:03:33.147Z] INFO: [Test] Received test_event from jr_t6OCz2MfXoHYxAAAS [object Object]
[2025-05-05T15:03:34.096Z] INFO: [Test] Received test_event from 9vL-sWPcIRbICyHwAAAM [object Object]
[2025-05-05T15:03:34.097Z] INFO: [Test] Received test_event from izUC7vdSAIIhSkhbAAAN [object Object]
[2025-05-05T15:03:34.098Z] INFO: [Test] Received test_event from yVLE2M591NxnS2KbAAAO [object Object]
[2025-05-05T15:03:34.106Z] INFO: [Test] Received test_event from QCMfYLX98lXZIWlEAAAP [object Object]
[2025-05-05T15:03:34.118Z] INFO: [Test] Received test_event from t6BFCQsfQ81JOvRZAAAR [object Object]
[2025-05-05T15:03:34.119Z] INFO: [Test] Received test_event from iDzY8fKHOTXETZlcAAAQ [object Object]
[2025-05-05T15:03:34.130Z] INFO: [Test] Received test_event from FzJPxgkctVguhwB1AAAU [object Object]
[2025-05-05T15:03:34.130Z] INFO: [Test] Received test_event from gknbdB4LwGCdz8ksAAAV [object Object]
[2025-05-05T15:03:34.131Z] INFO: [Test] Received test_event from jr_t6OCz2MfXoHYxAAAS [object Object]
[2025-05-05T15:03:34.137Z] INFO: [Test] Received test_event from DBu1BpN5gFfnHf9RAAAT [object Object]
[2025-05-05T15:03:35.078Z] INFO: [Test] Received test_event from 9vL-sWPcIRbICyHwAAAM [object Object]
[2025-05-05T15:03:35.079Z] INFO: [Test] Received test_event from izUC7vdSAIIhSkhbAAAN [object Object]
[2025-05-05T15:03:35.086Z] INFO: [Test] Received test_event from yVLE2M591NxnS2KbAAAO [object Object]
[2025-05-05T15:03:35.106Z] INFO: [Test] Received test_event from QCMfYLX98lXZIWlEAAAP [object Object]
[2025-05-05T15:03:35.114Z] INFO: [Test] Received test_event from iDzY8fKHOTXETZlcAAAQ [object Object]
[2025-05-05T15:03:35.122Z] INFO: [Test] Received test_event from t6BFCQsfQ81JOvRZAAAR [object Object]
[2025-05-05T15:03:35.139Z] INFO: [Test] Received test_event from FzJPxgkctVguhwB1AAAU [object Object]
[2025-05-05T15:03:35.140Z] INFO: [Test] Received test_event from jr_t6OCz2MfXoHYxAAAS [object Object]
[2025-05-05T15:03:35.146Z] INFO: [Test] Received test_event from DBu1BpN5gFfnHf9RAAAT [object Object]
[2025-05-05T15:03:35.147Z] INFO: [Test] Received test_event from gknbdB4LwGCdz8ksAAAV [object Object]
[2025-05-05T15:03:36.018Z] INFO: Jack disconnected
[2025-05-05T15:03:36.083Z] INFO: [Test] Received test_event from 9vL-sWPcIRbICyHwAAAM [object Object]
[2025-05-05T15:03:36.084Z] INFO: [Test] Received test_event from izUC7vdSAIIhSkhbAAAN [object Object]
[2025-05-05T15:03:36.098Z] INFO: [Test] Received test_event from yVLE2M591NxnS2KbAAAO [object Object]
[2025-05-05T15:03:36.106Z] INFO: [Test] Received test_event from QCMfYLX98lXZIWlEAAAP [object Object]
[2025-05-05T15:03:36.115Z] INFO: [Test] Received test_event from t6BFCQsfQ81JOvRZAAAR [object Object]
[2025-05-05T15:03:36.116Z] INFO: [Test] Received test_event from iDzY8fKHOTXETZlcAAAQ [object Object]
[2025-05-05T15:03:36.130Z] INFO: [Test] Received test_event from FzJPxgkctVguhwB1AAAU [object Object]
[2025-05-05T15:03:36.131Z] INFO: [Test] Received test_event from jr_t6OCz2MfXoHYxAAAS [object Object]
[2025-05-05T15:03:36.138Z] INFO: [Test] Received test_event from DBu1BpN5gFfnHf9RAAAT [object Object]
[2025-05-05T15:03:36.138Z] INFO: [Test] Received test_event from gknbdB4LwGCdz8ksAAAV [object Object]
[2025-05-05T15:03:37.078Z] INFO: [Test] Received test_event from 9vL-sWPcIRbICyHwAAAM [object Object]
[2025-05-05T15:03:37.079Z] INFO: [Test] Received test_event from izUC7vdSAIIhSkhbAAAN [object Object]
[2025-05-05T15:03:37.087Z] INFO: [Test] Received test_event from yVLE2M591NxnS2KbAAAO [object Object]
[2025-05-05T15:03:37.106Z] INFO: [Test] Received test_event from QCMfYLX98lXZIWlEAAAP [object Object]
[2025-05-05T15:03:37.114Z] INFO: [Test] Received test_event from t6BFCQsfQ81JOvRZAAAR [object Object]
[2025-05-05T15:03:37.115Z] INFO: [Test] Received test_event from iDzY8fKHOTXETZlcAAAQ [object Object]
[2025-05-05T15:03:37.139Z] INFO: [Test] Received test_event from FzJPxgkctVguhwB1AAAU [object Object]
[2025-05-05T15:03:37.140Z] INFO: [Test] Received test_event from jr_t6OCz2MfXoHYxAAAS [object Object]
[2025-05-05T15:03:37.140Z] INFO: [Test] Received test_event from gknbdB4LwGCdz8ksAAAV [object Object]
[2025-05-05T15:03:37.146Z] INFO: [Test] Received test_event from DBu1BpN5gFfnHf9RAAAT [object Object]
[2025-05-05T15:03:38.076Z] INFO: [Test] Received test_event from 9vL-sWPcIRbICyHwAAAM [object Object]
[2025-05-05T15:03:38.082Z] INFO: [Test] Received test_event from izUC7vdSAIIhSkhbAAAN [object Object]
[2025-05-05T15:03:38.088Z] INFO: [Test] Received test_event from yVLE2M591NxnS2KbAAAO [object Object]
[2025-05-05T15:03:38.103Z] INFO: [Test] Received test_event from QCMfYLX98lXZIWlEAAAP [object Object]
[2025-05-05T15:03:38.119Z] INFO: [Test] Received test_event from t6BFCQsfQ81JOvRZAAAR [object Object]
[2025-05-05T15:03:38.120Z] INFO: [Test] Received test_event from iDzY8fKHOTXETZlcAAAQ [object Object]
[2025-05-05T15:03:38.135Z] INFO: [Test] Received test_event from FzJPxgkctVguhwB1AAAU [object Object]
[2025-05-05T15:03:38.136Z] INFO: [Test] Received test_event from jr_t6OCz2MfXoHYxAAAS [object Object]
[2025-05-05T15:03:38.136Z] INFO: [Test] Received test_event from gknbdB4LwGCdz8ksAAAV [object Object]
[2025-05-05T15:03:38.141Z] INFO: [Test] Received test_event from DBu1BpN5gFfnHf9RAAAT [object Object]
[2025-05-05T15:03:40.047Z] INFO: New user connected: CDDLtDsxIuGGSL8ZAAAZ as Lee
[2025-05-05T15:03:40.148Z] INFO: Lee joined the chat
[2025-05-05T15:03:55.808Z] INFO: New user connected: Ynik-si1xfmlHUO2AAAk as loadtest_1_1746457436626
[2025-05-05T15:03:55.816Z] INFO: New user connected: TklEq-rNKoUg2JbZAAAl as loadtest_0_1746457436625
[2025-05-05T15:03:55.826Z] INFO: New user connected: 863ixioZsunehxlRAAAm as loadtest_5_1746457436629
[2025-05-05T15:03:55.828Z] INFO: New user connected: 7COhjDyWXx1OUDPUAAAn as loadtest_6_1746457436630
[2025-05-05T15:03:55.830Z] INFO: New user connected: WEMVzSi8er0NYNHtAAAo as loadtest_7_1746457436631
[2025-05-05T15:03:55.833Z] INFO: New user connected: SVVF67SjihRt4CdWAAAp as loadtest_9_1746457436632
[2025-05-05T15:03:55.834Z] INFO: New user connected: z43yR-cXb4Gq0deCAAAq as loadtest_2_1746457436627
[2025-05-05T15:03:55.835Z] INFO: New user connected: AcUsCjHtUrqiBGJ2AAAr as loadtest_3_1746457436627
[2025-05-05T15:03:55.839Z] INFO: New user connected: weEmm_XUy3W_b7jNAAAs as loadtest_4_1746457436628
[2025-05-05T15:03:55.840Z] INFO: New user connected: 7LTL9xpZDOecBCWCAAAt as loadtest_8_1746457436632
[2025-05-05T15:03:56.927Z] INFO: [Test] Received test_event from Ynik-si1xfmlHUO2AAAk [object Object]
[2025-05-05T15:03:57.894Z] INFO: [Test] Received test_event from TklEq-rNKoUg2JbZAAAl [object Object]
[2025-05-05T15:03:57.896Z] INFO: [Test] Received test_event from 863ixioZsunehxlRAAAm [object Object]
[2025-05-05T15:03:57.897Z] INFO: [Test] Received test_event from 7COhjDyWXx1OUDPUAAAn [object Object]
[2025-05-05T15:03:57.897Z] INFO: [Test] Received test_event from WEMVzSi8er0NYNHtAAAo [object Object]
[2025-05-05T15:03:57.899Z] INFO: [Test] Received test_event from weEmm_XUy3W_b7jNAAAs [object Object]
[2025-05-05T15:03:57.900Z] INFO: [Test] Received test_event from 7LTL9xpZDOecBCWCAAAt [object Object]
[2025-05-05T15:03:57.901Z] INFO: [Test] Received test_event from z43yR-cXb4Gq0deCAAAq [object Object]
[2025-05-05T15:03:57.902Z] INFO: [Test] Received test_event from SVVF67SjihRt4CdWAAAp [object Object]
[2025-05-05T15:03:57.903Z] INFO: [Test] Received test_event from AcUsCjHtUrqiBGJ2AAAr [object Object]
[2025-05-05T15:03:57.927Z] INFO: [Test] Received test_event from Ynik-si1xfmlHUO2AAAk [object Object]
[2025-05-05T15:03:58.013Z] INFO: [Test] Received test_event from TklEq-rNKoUg2JbZAAAl [object Object]
[2025-05-05T15:03:58.014Z] INFO: [Test] Received test_event from 863ixioZsunehxlRAAAm [object Object]
[2025-05-05T15:03:58.015Z] INFO: [Test] Received test_event from WEMVzSi8er0NYNHtAAAo [object Object]
[2025-05-05T15:03:58.019Z] INFO: [Test] Received test_event from weEmm_XUy3W_b7jNAAAs [object Object]
[2025-05-05T15:03:58.020Z] INFO: [Test] Received test_event from 7LTL9xpZDOecBCWCAAAt [object Object]
[2025-05-05T15:03:58.021Z] INFO: [Test] Received test_event from 7COhjDyWXx1OUDPUAAAn [object Object]
[2025-05-05T15:03:58.023Z] INFO: [Test] Received test_event from z43yR-cXb4Gq0deCAAAq [object Object]
[2025-05-05T15:03:58.027Z] INFO: [Test] Received test_event from SVVF67SjihRt4CdWAAAp [object Object]
[2025-05-05T15:03:58.029Z] INFO: [Test] Received test_event from AcUsCjHtUrqiBGJ2AAAr [object Object]
[2025-05-05T15:03:58.116Z] INFO: New user connected: c-GSkr2ASiziNQwEAAA4 as loadtest_9_1746457437546
[2025-05-05T15:03:58.618Z] INFO: New user connected: xKnM0rACNjBzxVMZAAA5 as loadtest_8_1746457437546
[2025-05-05T15:03:58.619Z] INFO: New user connected: yTgWe8-J2Lzn6ANeAAA6 as loadtest_5_1746457437545
[2025-05-05T15:03:58.620Z] INFO: New user connected: 4-rSrbzbp56Hcpv4AAA7 as loadtest_7_1746457437545
[2025-05-05T15:03:58.621Z] INFO: New user connected: JEPwOy6AQFqwN4dFAAA8 as loadtest_6_1746457437545
[2025-05-05T15:03:58.621Z] INFO: New user connected: 0VzdP60zAaPJBk9hAAA9 as loadtest_4_1746457437544
[2025-05-05T15:03:58.622Z] INFO: New user connected: ZwmRkfvlRYIT_Ix7AAA- as loadtest_3_1746457437544
[2025-05-05T15:03:58.624Z] INFO: New user connected: eNVFVEaNv5HEgQblAAA_ as loadtest_2_1746457437543
[2025-05-05T15:03:58.624Z] INFO: New user connected: EbuDYirrKGhLTmTyAABA as loadtest_1_1746457437542
[2025-05-05T15:03:58.626Z] INFO: New user connected: DYqOH9v0xiRnMfhQAABB as loadtest_0_1746457437538
[2025-05-05T15:03:58.924Z] INFO: [Test] Received test_event from Ynik-si1xfmlHUO2AAAk [object Object]
[2025-05-05T15:03:58.925Z] INFO: [Test] Received test_event from TklEq-rNKoUg2JbZAAAl [object Object]
[2025-05-05T15:03:58.943Z] INFO: [Test] Received test_event from 7COhjDyWXx1OUDPUAAAn [object Object]
[2025-05-05T15:03:58.944Z] INFO: [Test] Received test_event from 863ixioZsunehxlRAAAm [object Object]
[2025-05-05T15:03:58.952Z] INFO: [Test] Received test_event from WEMVzSi8er0NYNHtAAAo [object Object]
[2025-05-05T15:03:58.969Z] INFO: [Test] Received test_event from weEmm_XUy3W_b7jNAAAs [object Object]
[2025-05-05T15:03:58.970Z] INFO: [Test] Received test_event from 7LTL9xpZDOecBCWCAAAt [object Object]
[2025-05-05T15:03:58.971Z] INFO: [Test] Received test_event from z43yR-cXb4Gq0deCAAAq [object Object]
[2025-05-05T15:03:58.974Z] INFO: [Test] Received test_event from SVVF67SjihRt4CdWAAAp [object Object]
[2025-05-05T15:03:58.975Z] INFO: [Test] Received test_event from AcUsCjHtUrqiBGJ2AAAr [object Object]
[2025-05-05T15:03:59.215Z] INFO: [Test] Received test_event from c-GSkr2ASiziNQwEAAA4 [object Object]
[2025-05-05T15:03:59.719Z] INFO: [Test] Received test_event from ZwmRkfvlRYIT_Ix7AAA- [object Object]
[2025-05-05T15:03:59.719Z] INFO: [Test] Received test_event from eNVFVEaNv5HEgQblAAA_ [object Object]
[2025-05-05T15:03:59.720Z] INFO: [Test] Received test_event from EbuDYirrKGhLTmTyAABA [object Object]
[2025-05-05T15:03:59.722Z] INFO: [Test] Received test_event from DYqOH9v0xiRnMfhQAABB [object Object]
[2025-05-05T15:03:59.799Z] INFO: [Test] Received test_event from JEPwOy6AQFqwN4dFAAA8 [object Object]
[2025-05-05T15:03:59.807Z] INFO: [Test] Received test_event from xKnM0rACNjBzxVMZAAA5 [object Object]
[2025-05-05T15:03:59.808Z] INFO: [Test] Received test_event from 4-rSrbzbp56Hcpv4AAA7 [object Object]
[2025-05-05T15:03:59.815Z] INFO: [Test] Received test_event from 0VzdP60zAaPJBk9hAAA9 [object Object]
[2025-05-05T15:03:59.815Z] INFO: [Test] Received test_event from yTgWe8-J2Lzn6ANeAAA6 [object Object]
[2025-05-05T15:03:59.919Z] INFO: [Test] Received test_event from Ynik-si1xfmlHUO2AAAk [object Object]
[2025-05-05T15:03:59.920Z] INFO: [Test] Received test_event from TklEq-rNKoUg2JbZAAAl [object Object]
[2025-05-05T15:03:59.939Z] INFO: [Test] Received test_event from 7COhjDyWXx1OUDPUAAAn [object Object]
[2025-05-05T15:03:59.940Z] INFO: [Test] Received test_event from 863ixioZsunehxlRAAAm [object Object]
[2025-05-05T15:03:59.951Z] INFO: [Test] Received test_event from WEMVzSi8er0NYNHtAAAo [object Object]
[2025-05-05T15:03:59.959Z] INFO: [Test] Received test_event from SVVF67SjihRt4CdWAAAp [object Object]
[2025-05-05T15:03:59.960Z] INFO: [Test] Received test_event from AcUsCjHtUrqiBGJ2AAAr [object Object]
[2025-05-05T15:03:59.961Z] INFO: [Test] Received test_event from z43yR-cXb4Gq0deCAAAq [object Object]
[2025-05-05T15:03:59.983Z] INFO: [Test] Received test_event from weEmm_XUy3W_b7jNAAAs [object Object]
[2025-05-05T15:03:59.991Z] INFO: [Test] Received test_event from 7LTL9xpZDOecBCWCAAAt [object Object]
[2025-05-05T15:04:00.208Z] INFO: [Test] Received test_event from c-GSkr2ASiziNQwEAAA4 [object Object]
[2025-05-05T15:04:00.711Z] INFO: [Test] Received test_event from ZwmRkfvlRYIT_Ix7AAA- [object Object]
[2025-05-05T15:04:00.719Z] INFO: [Test] Received test_event from DYqOH9v0xiRnMfhQAABB [object Object]
[2025-05-05T15:04:00.720Z] INFO: [Test] Received test_event from eNVFVEaNv5HEgQblAAA_ [object Object]
[2025-05-05T15:04:00.721Z] INFO: [Test] Received test_event from EbuDYirrKGhLTmTyAABA [object Object]
[2025-05-05T15:04:00.803Z] INFO: [Test] Received test_event from xKnM0rACNjBzxVMZAAA5 [object Object]
[2025-05-05T15:04:00.804Z] INFO: [Test] Received test_event from JEPwOy6AQFqwN4dFAAA8 [object Object]
[2025-05-05T15:04:00.811Z] INFO: [Test] Received test_event from 0VzdP60zAaPJBk9hAAA9 [object Object]
[2025-05-05T15:04:00.812Z] INFO: [Test] Received test_event from yTgWe8-J2Lzn6ANeAAA6 [object Object]
[2025-05-05T15:04:00.813Z] INFO: [Test] Received test_event from 4-rSrbzbp56Hcpv4AAA7 [object Object]
[2025-05-05T15:04:00.919Z] INFO: [Test] Received test_event from Ynik-si1xfmlHUO2AAAk [object Object]
[2025-05-05T15:04:00.923Z] INFO: [Test] Received test_event from TklEq-rNKoUg2JbZAAAl [object Object]
[2025-05-05T15:04:00.931Z] INFO: [Test] Received test_event from 863ixioZsunehxlRAAAm [object Object]
[2025-05-05T15:04:00.941Z] INFO: [Test] Received test_event from 7COhjDyWXx1OUDPUAAAn [object Object]
[2025-05-05T15:04:00.975Z] INFO: [Test] Received test_event from WEMVzSi8er0NYNHtAAAo [object Object]
[2025-05-05T15:04:00.979Z] INFO: [Test] Received test_event from SVVF67SjihRt4CdWAAAp [object Object]
[2025-05-05T15:04:00.980Z] INFO: [Test] Received test_event from weEmm_XUy3W_b7jNAAAs [object Object]
[2025-05-05T15:04:00.980Z] INFO: [Test] Received test_event from 7LTL9xpZDOecBCWCAAAt [object Object]
[2025-05-05T15:04:00.981Z] INFO: [Test] Received test_event from AcUsCjHtUrqiBGJ2AAAr [object Object]
[2025-05-05T15:04:00.982Z] INFO: [Test] Received test_event from z43yR-cXb4Gq0deCAAAq [object Object]
[2025-05-05T15:04:01.211Z] INFO: [Test] Received test_event from c-GSkr2ASiziNQwEAAA4 [object Object]
[2025-05-05T15:04:01.715Z] INFO: [Test] Received test_event from ZwmRkfvlRYIT_Ix7AAA- [object Object]
[2025-05-05T15:04:01.718Z] INFO: [Test] Received test_event from DYqOH9v0xiRnMfhQAABB [object Object]
[2025-05-05T15:04:01.719Z] INFO: [Test] Received test_event from eNVFVEaNv5HEgQblAAA_ [object Object]
[2025-05-05T15:04:01.720Z] INFO: [Test] Received test_event from EbuDYirrKGhLTmTyAABA [object Object]
[2025-05-05T15:04:01.803Z] INFO: [Test] Received test_event from xKnM0rACNjBzxVMZAAA5 [object Object]
[2025-05-05T15:04:01.804Z] INFO: [Test] Received test_event from 4-rSrbzbp56Hcpv4AAA7 [object Object]
[2025-05-05T15:04:01.804Z] INFO: [Test] Received test_event from JEPwOy6AQFqwN4dFAAA8 [object Object]
[2025-05-05T15:04:01.804Z] INFO: [Test] Received test_event from yTgWe8-J2Lzn6ANeAAA6 [object Object]
[2025-05-05T15:04:01.810Z] INFO: [Test] Received test_event from 0VzdP60zAaPJBk9hAAA9 [object Object]
[2025-05-05T15:04:01.920Z] INFO: [Test] Received test_event from Ynik-si1xfmlHUO2AAAk [object Object]
[2025-05-05T15:04:01.925Z] INFO: [Test] Received test_event from TklEq-rNKoUg2JbZAAAl [object Object]
[2025-05-05T15:04:01.939Z] INFO: [Test] Received test_event from 863ixioZsunehxlRAAAm [object Object]
[2025-05-05T15:04:01.944Z] INFO: [Test] Received test_event from 7COhjDyWXx1OUDPUAAAn [object Object]
[2025-05-05T15:04:01.954Z] INFO: [Test] Received test_event from WEMVzSi8er0NYNHtAAAo [object Object]
[2025-05-05T15:04:01.956Z] INFO: [Test] Received test_event from weEmm_XUy3W_b7jNAAAs [object Object]
[2025-05-05T15:04:01.959Z] INFO: [Test] Received test_event from 7LTL9xpZDOecBCWCAAAt [object Object]
[2025-05-05T15:04:01.960Z] INFO: [Test] Received test_event from z43yR-cXb4Gq0deCAAAq [object Object]
[2025-05-05T15:04:01.964Z] INFO: [Test] Received test_event from SVVF67SjihRt4CdWAAAp [object Object]
[2025-05-05T15:04:01.967Z] INFO: [Test] Received test_event from AcUsCjHtUrqiBGJ2AAAr [object Object]
[2025-05-05T15:04:02.215Z] INFO: [Test] Received test_event from c-GSkr2ASiziNQwEAAA4 [object Object]
[2025-05-05T15:04:02.715Z] INFO: [Test] Received test_event from eNVFVEaNv5HEgQblAAA_ [object Object]
[2025-05-05T15:04:02.716Z] INFO: [Test] Received test_event from ZwmRkfvlRYIT_Ix7AAA- [object Object]
[2025-05-05T15:04:02.717Z] INFO: [Test] Received test_event from EbuDYirrKGhLTmTyAABA [object Object]
[2025-05-05T15:04:02.722Z] INFO: [Test] Received test_event from DYqOH9v0xiRnMfhQAABB [object Object]
[2025-05-05T15:04:02.803Z] INFO: [Test] Received test_event from JEPwOy6AQFqwN4dFAAA8 [object Object]
[2025-05-05T15:04:02.810Z] INFO: [Test] Received test_event from xKnM0rACNjBzxVMZAAA5 [object Object]
[2025-05-05T15:04:02.811Z] INFO: [Test] Received test_event from 4-rSrbzbp56Hcpv4AAA7 [object Object]
[2025-05-05T15:04:02.812Z] INFO: [Test] Received test_event from yTgWe8-J2Lzn6ANeAAA6 [object Object]
[2025-05-05T15:04:02.814Z] INFO: [Test] Received test_event from 0VzdP60zAaPJBk9hAAA9 [object Object]
[2025-05-05T15:04:02.926Z] INFO: [Test] Received test_event from Ynik-si1xfmlHUO2AAAk [object Object]
[2025-05-05T15:04:02.931Z] INFO: [Test] Received test_event from TklEq-rNKoUg2JbZAAAl [object Object]
[2025-05-05T15:04:02.947Z] INFO: [Test] Received test_event from 7COhjDyWXx1OUDPUAAAn [object Object]
[2025-05-05T15:04:02.948Z] INFO: [Test] Received test_event from 863ixioZsunehxlRAAAm [object Object]
[2025-05-05T15:04:02.955Z] INFO: [Test] Received test_event from WEMVzSi8er0NYNHtAAAo [object Object]
[2025-05-05T15:04:02.961Z] INFO: [Test] Received test_event from SVVF67SjihRt4CdWAAAp [object Object]
[2025-05-05T15:04:02.962Z] INFO: [Test] Received test_event from weEmm_XUy3W_b7jNAAAs [object Object]
[2025-05-05T15:04:02.962Z] INFO: [Test] Received test_event from 7LTL9xpZDOecBCWCAAAt [object Object]
[2025-05-05T15:04:02.963Z] INFO: [Test] Received test_event from AcUsCjHtUrqiBGJ2AAAr [object Object]
[2025-05-05T15:04:02.963Z] INFO: [Test] Received test_event from z43yR-cXb4Gq0deCAAAq [object Object]
[2025-05-05T15:04:03.215Z] INFO: [Test] Received test_event from c-GSkr2ASiziNQwEAAA4 [object Object]
[2025-05-05T15:04:03.718Z] INFO: [Test] Received test_event from ZwmRkfvlRYIT_Ix7AAA- [object Object]
[2025-05-05T15:04:03.719Z] INFO: [Test] Received test_event from eNVFVEaNv5HEgQblAAA_ [object Object]
[2025-05-05T15:04:03.726Z] INFO: [Test] Received test_event from DYqOH9v0xiRnMfhQAABB [object Object]
[2025-05-05T15:04:03.726Z] INFO: [Test] Received test_event from EbuDYirrKGhLTmTyAABA [object Object]
[2025-05-05T15:04:03.806Z] INFO: [Test] Received test_event from JEPwOy6AQFqwN4dFAAA8 [object Object]
[2025-05-05T15:04:03.814Z] INFO: [Test] Received test_event from xKnM0rACNjBzxVMZAAA5 [object Object]
[2025-05-05T15:04:03.815Z] INFO: [Test] Received test_event from 0VzdP60zAaPJBk9hAAA9 [object Object]
[2025-05-05T15:04:03.815Z] INFO: [Test] Received test_event from 4-rSrbzbp56Hcpv4AAA7 [object Object]
[2025-05-05T15:04:03.816Z] INFO: [Test] Received test_event from yTgWe8-J2Lzn6ANeAAA6 [object Object]
[2025-05-05T15:04:03.918Z] INFO: [Test] Received test_event from Ynik-si1xfmlHUO2AAAk [object Object]
[2025-05-05T15:04:03.926Z] INFO: [Test] Received test_event from TklEq-rNKoUg2JbZAAAl [object Object]
[2025-05-05T15:04:03.938Z] INFO: [Test] Received test_event from 863ixioZsunehxlRAAAm [object Object]
[2025-05-05T15:04:03.954Z] INFO: [Test] Received test_event from weEmm_XUy3W_b7jNAAAs [object Object]
[2025-05-05T15:04:03.955Z] INFO: [Test] Received test_event from 7LTL9xpZDOecBCWCAAAt [object Object]
[2025-05-05T15:04:03.955Z] INFO: [Test] Received test_event from 7COhjDyWXx1OUDPUAAAn [object Object]
[2025-05-05T15:04:03.956Z] INFO: [Test] Received test_event from WEMVzSi8er0NYNHtAAAo [object Object]
[2025-05-05T15:04:03.962Z] INFO: [Test] Received test_event from SVVF67SjihRt4CdWAAAp [object Object]
[2025-05-05T15:04:03.963Z] INFO: [Test] Received test_event from z43yR-cXb4Gq0deCAAAq [object Object]
[2025-05-05T15:04:03.971Z] INFO: [Test] Received test_event from AcUsCjHtUrqiBGJ2AAAr [object Object]
[2025-05-05T15:04:04.218Z] INFO: [Test] Received test_event from c-GSkr2ASiziNQwEAAA4 [object Object]
[2025-05-05T15:04:04.726Z] INFO: [Test] Received test_event from ZwmRkfvlRYIT_Ix7AAA- [object Object]
[2025-05-05T15:04:04.727Z] INFO: [Test] Received test_event from DYqOH9v0xiRnMfhQAABB [object Object]
[2025-05-05T15:04:04.728Z] INFO: [Test] Received test_event from eNVFVEaNv5HEgQblAAA_ [object Object]
[2025-05-05T15:04:04.729Z] INFO: [Test] Received test_event from EbuDYirrKGhLTmTyAABA [object Object]
[2025-05-05T15:04:04.810Z] INFO: [Test] Received test_event from JEPwOy6AQFqwN4dFAAA8 [object Object]
[2025-05-05T15:04:04.818Z] INFO: [Test] Received test_event from 0VzdP60zAaPJBk9hAAA9 [object Object]
[2025-05-05T15:04:04.819Z] INFO: [Test] Received test_event from xKnM0rACNjBzxVMZAAA5 [object Object]
[2025-05-05T15:04:04.820Z] INFO: [Test] Received test_event from 4-rSrbzbp56Hcpv4AAA7 [object Object]
[2025-05-05T15:04:04.820Z] INFO: [Test] Received test_event from yTgWe8-J2Lzn6ANeAAA6 [object Object]
[2025-05-05T15:04:04.918Z] INFO: [Test] Received test_event from Ynik-si1xfmlHUO2AAAk [object Object]
[2025-05-05T15:04:04.938Z] INFO: [Test] Received test_event from TklEq-rNKoUg2JbZAAAl [object Object]
[2025-05-05T15:04:04.939Z] INFO: [Test] Received test_event from 863ixioZsunehxlRAAAm [object Object]
[2025-05-05T15:04:04.961Z] INFO: [Test] Received test_event from SVVF67SjihRt4CdWAAAp [object Object]
[2025-05-05T15:04:04.962Z] INFO: [Test] Received test_event from weEmm_XUy3W_b7jNAAAs [object Object]
[2025-05-05T15:04:04.963Z] INFO: [Test] Received test_event from 7LTL9xpZDOecBCWCAAAt [object Object]
[2025-05-05T15:04:04.963Z] INFO: [Test] Received test_event from AcUsCjHtUrqiBGJ2AAAr [object Object]
[2025-05-05T15:04:04.963Z] INFO: [Test] Received test_event from z43yR-cXb4Gq0deCAAAq [object Object]
[2025-05-05T15:04:04.964Z] INFO: [Test] Received test_event from WEMVzSi8er0NYNHtAAAo [object Object]
[2025-05-05T15:04:04.964Z] INFO: [Test] Received test_event from 7COhjDyWXx1OUDPUAAAn [object Object]
[2025-05-05T15:04:05.219Z] INFO: [Test] Received test_event from c-GSkr2ASiziNQwEAAA4 [object Object]
[2025-05-05T15:04:05.722Z] INFO: [Test] Received test_event from DYqOH9v0xiRnMfhQAABB [object Object]
[2025-05-05T15:04:05.723Z] INFO: [Test] Received test_event from ZwmRkfvlRYIT_Ix7AAA- [object Object]
[2025-05-05T15:04:05.724Z] INFO: [Test] Received test_event from eNVFVEaNv5HEgQblAAA_ [object Object]
[2025-05-05T15:04:05.724Z] INFO: [Test] Received test_event from EbuDYirrKGhLTmTyAABA [object Object]
[2025-05-05T15:04:05.807Z] INFO: [Test] Received test_event from 0VzdP60zAaPJBk9hAAA9 [object Object]
[2025-05-05T15:04:05.807Z] INFO: [Test] Received test_event from xKnM0rACNjBzxVMZAAA5 [object Object]
[2025-05-05T15:04:05.808Z] INFO: [Test] Received test_event from 4-rSrbzbp56Hcpv4AAA7 [object Object]
[2025-05-05T15:04:05.808Z] INFO: [Test] Received test_event from JEPwOy6AQFqwN4dFAAA8 [object Object]
[2025-05-05T15:04:05.809Z] INFO: [Test] Received test_event from yTgWe8-J2Lzn6ANeAAA6 [object Object]
[2025-05-05T15:04:05.918Z] INFO: [Test] Received test_event from Ynik-si1xfmlHUO2AAAk [object Object]
[2025-05-05T15:04:05.926Z] INFO: [Test] Received test_event from TklEq-rNKoUg2JbZAAAl [object Object]
[2025-05-05T15:04:05.935Z] INFO: [Test] Received test_event from 863ixioZsunehxlRAAAm [object Object]
[2025-05-05T15:04:05.956Z] INFO: [Test] Received test_event from 7COhjDyWXx1OUDPUAAAn [object Object]
[2025-05-05T15:04:05.964Z] INFO: [Test] Received test_event from weEmm_XUy3W_b7jNAAAs [object Object]
[2025-05-05T15:04:05.965Z] INFO: [Test] Received test_event from SVVF67SjihRt4CdWAAAp [object Object]
[2025-05-05T15:04:05.966Z] INFO: [Test] Received test_event from 7LTL9xpZDOecBCWCAAAt [object Object]
[2025-05-05T15:04:05.966Z] INFO: [Test] Received test_event from z43yR-cXb4Gq0deCAAAq [object Object]
[2025-05-05T15:04:05.967Z] INFO: [Test] Received test_event from AcUsCjHtUrqiBGJ2AAAr [object Object]
[2025-05-05T15:04:05.967Z] INFO: [Test] Received test_event from WEMVzSi8er0NYNHtAAAo [object Object]
[2025-05-05T15:04:06.222Z] INFO: [Test] Received test_event from c-GSkr2ASiziNQwEAAA4 [object Object]
[2025-05-05T15:04:06.718Z] INFO: [Test] Received test_event from ZwmRkfvlRYIT_Ix7AAA- [object Object]
[2025-05-05T15:04:06.726Z] INFO: [Test] Received test_event from DYqOH9v0xiRnMfhQAABB [object Object]
[2025-05-05T15:04:06.727Z] INFO: [Test] Received test_event from eNVFVEaNv5HEgQblAAA_ [object Object]
[2025-05-05T15:04:06.728Z] INFO: [Test] Received test_event from EbuDYirrKGhLTmTyAABA [object Object]
[2025-05-05T15:04:06.811Z] INFO: [Test] Received test_event from JEPwOy6AQFqwN4dFAAA8 [object Object]
[2025-05-05T15:04:06.818Z] INFO: [Test] Received test_event from 0VzdP60zAaPJBk9hAAA9 [object Object]
[2025-05-05T15:04:06.819Z] INFO: [Test] Received test_event from xKnM0rACNjBzxVMZAAA5 [object Object]
[2025-05-05T15:04:06.819Z] INFO: [Test] Received test_event from 4-rSrbzbp56Hcpv4AAA7 [object Object]
[2025-05-05T15:04:06.820Z] INFO: [Test] Received test_event from yTgWe8-J2Lzn6ANeAAA6 [object Object]
[2025-05-05T15:04:06.918Z] INFO: [Test] Received test_event from Ynik-si1xfmlHUO2AAAk [object Object]
[2025-05-05T15:04:06.926Z] INFO: [Test] Received test_event from TklEq-rNKoUg2JbZAAAl [object Object]
[2025-05-05T15:04:06.942Z] INFO: [Test] Received test_event from 863ixioZsunehxlRAAAm [object Object]
[2025-05-05T15:04:06.944Z] INFO: [Test] Received test_event from 7COhjDyWXx1OUDPUAAAn [object Object]
[2025-05-05T15:04:06.959Z] INFO: [Test] Received test_event from weEmm_XUy3W_b7jNAAAs [object Object]
[2025-05-05T15:04:06.960Z] INFO: [Test] Received test_event from WEMVzSi8er0NYNHtAAAo [object Object]
[2025-05-05T15:04:06.966Z] INFO: [Test] Received test_event from SVVF67SjihRt4CdWAAAp [object Object]
[2025-05-05T15:04:06.967Z] INFO: [Test] Received test_event from 7LTL9xpZDOecBCWCAAAt [object Object]
[2025-05-05T15:04:06.967Z] INFO: [Test] Received test_event from AcUsCjHtUrqiBGJ2AAAr [object Object]
[2025-05-05T15:04:06.967Z] INFO: [Test] Received test_event from z43yR-cXb4Gq0deCAAAq [object Object]
[2025-05-05T15:04:07.223Z] INFO: [Test] Received test_event from c-GSkr2ASiziNQwEAAA4 [object Object]
[2025-05-05T15:04:07.722Z] INFO: [Test] Received test_event from ZwmRkfvlRYIT_Ix7AAA- [object Object]
[2025-05-05T15:04:07.731Z] INFO: [Test] Received test_event from eNVFVEaNv5HEgQblAAA_ [object Object]
[2025-05-05T15:04:07.733Z] INFO: [Test] Received test_event from EbuDYirrKGhLTmTyAABA [object Object]
[2025-05-05T15:04:07.734Z] INFO: [Test] Received test_event from DYqOH9v0xiRnMfhQAABB [object Object]
[2025-05-05T15:04:07.810Z] INFO: [Test] Received test_event from xKnM0rACNjBzxVMZAAA5 [object Object]
[2025-05-05T15:04:07.811Z] INFO: [Test] Received test_event from JEPwOy6AQFqwN4dFAAA8 [object Object]
[2025-05-05T15:04:07.819Z] INFO: [Test] Received test_event from 0VzdP60zAaPJBk9hAAA9 [object Object]
[2025-05-05T15:04:07.820Z] INFO: [Test] Received test_event from 4-rSrbzbp56Hcpv4AAA7 [object Object]
[2025-05-05T15:04:07.820Z] INFO: [Test] Received test_event from yTgWe8-J2Lzn6ANeAAA6 [object Object]
[2025-05-05T15:04:07.922Z] INFO: [Test] Received test_event from Ynik-si1xfmlHUO2AAAk [object Object]
[2025-05-05T15:04:07.927Z] INFO: [Test] Received test_event from TklEq-rNKoUg2JbZAAAl [object Object]
[2025-05-05T15:04:07.943Z] INFO: [Test] Received test_event from 863ixioZsunehxlRAAAm [object Object]
[2025-05-05T15:04:07.943Z] INFO: [Test] Received test_event from 7COhjDyWXx1OUDPUAAAn [object Object]
[2025-05-05T15:04:07.954Z] INFO: [Test] Received test_event from weEmm_XUy3W_b7jNAAAs [object Object]
[2025-05-05T15:04:07.955Z] INFO: [Test] Received test_event from WEMVzSi8er0NYNHtAAAo [object Object]
[2025-05-05T15:04:07.959Z] INFO: [Test] Received test_event from 7LTL9xpZDOecBCWCAAAt [object Object]
[2025-05-05T15:04:07.960Z] INFO: [Test] Received test_event from z43yR-cXb4Gq0deCAAAq [object Object]
[2025-05-05T15:04:07.966Z] INFO: [Test] Received test_event from SVVF67SjihRt4CdWAAAp [object Object]
[2025-05-05T15:04:07.967Z] INFO: [Test] Received test_event from AcUsCjHtUrqiBGJ2AAAr [object Object]
[2025-05-05T15:04:08.234Z] INFO: [Test] Received test_event from c-GSkr2ASiziNQwEAAA4 [object Object]
[2025-05-05T15:04:08.722Z] INFO: [Test] Received test_event from DYqOH9v0xiRnMfhQAABB [object Object]
[2025-05-05T15:04:08.723Z] INFO: [Test] Received test_event from eNVFVEaNv5HEgQblAAA_ [object Object]
[2025-05-05T15:04:08.724Z] INFO: [Test] Received test_event from ZwmRkfvlRYIT_Ix7AAA- [object Object]
[2025-05-05T15:04:08.725Z] INFO: [Test] Received test_event from EbuDYirrKGhLTmTyAABA [object Object]
[2025-05-05T15:04:08.806Z] INFO: [Test] Received test_event from JEPwOy6AQFqwN4dFAAA8 [object Object]
[2025-05-05T15:04:08.814Z] INFO: [Test] Received test_event from 0VzdP60zAaPJBk9hAAA9 [object Object]
[2025-05-05T15:04:08.815Z] INFO: [Test] Received test_event from xKnM0rACNjBzxVMZAAA5 [object Object]
[2025-05-05T15:04:08.815Z] INFO: [Test] Received test_event from 4-rSrbzbp56Hcpv4AAA7 [object Object]
[2025-05-05T15:04:08.815Z] INFO: [Test] Received test_event from yTgWe8-J2Lzn6ANeAAA6 [object Object]
[2025-05-05T15:04:08.930Z] INFO: [Test] Received test_event from Ynik-si1xfmlHUO2AAAk [object Object]
[2025-05-05T15:04:08.939Z] INFO: [Test] Received test_event from TklEq-rNKoUg2JbZAAAl [object Object]
[2025-05-05T15:04:08.940Z] INFO: [Test] Received test_event from 863ixioZsunehxlRAAAm [object Object]
[2025-05-05T15:04:08.951Z] INFO: [Test] Received test_event from WEMVzSi8er0NYNHtAAAo [object Object]
[2025-05-05T15:04:08.952Z] INFO: [Test] Received test_event from 7COhjDyWXx1OUDPUAAAn [object Object]
[2025-05-05T15:04:08.958Z] INFO: [Test] Received test_event from SVVF67SjihRt4CdWAAAp [object Object]
[2025-05-05T15:04:08.958Z] INFO: [Test] Received test_event from weEmm_XUy3W_b7jNAAAs [object Object]
[2025-05-05T15:04:08.959Z] INFO: [Test] Received test_event from 7LTL9xpZDOecBCWCAAAt [object Object]
[2025-05-05T15:04:08.959Z] INFO: [Test] Received test_event from AcUsCjHtUrqiBGJ2AAAr [object Object]
[2025-05-05T15:04:08.960Z] INFO: [Test] Received test_event from z43yR-cXb4Gq0deCAAAq [object Object]
[2025-05-05T15:04:09.222Z] INFO: [Test] Received test_event from c-GSkr2ASiziNQwEAAA4 [object Object]
[2025-05-05T15:04:09.723Z] INFO: [Test] Received test_event from ZwmRkfvlRYIT_Ix7AAA- [object Object]
[2025-05-05T15:04:09.724Z] INFO: [Test] Received test_event from eNVFVEaNv5HEgQblAAA_ [object Object]
[2025-05-05T15:04:09.734Z] INFO: [Test] Received test_event from DYqOH9v0xiRnMfhQAABB [object Object]
[2025-05-05T15:04:09.735Z] INFO: [Test] Received test_event from EbuDYirrKGhLTmTyAABA [object Object]
[2025-05-05T15:04:09.807Z] INFO: [Test] Received test_event from JEPwOy6AQFqwN4dFAAA8 [object Object]
[2025-05-05T15:04:09.819Z] INFO: [Test] Received test_event from 0VzdP60zAaPJBk9hAAA9 [object Object]
[2025-05-05T15:04:09.820Z] INFO: [Test] Received test_event from xKnM0rACNjBzxVMZAAA5 [object Object]
[2025-05-05T15:04:09.820Z] INFO: [Test] Received test_event from 4-rSrbzbp56Hcpv4AAA7 [object Object]
[2025-05-05T15:04:09.821Z] INFO: [Test] Received test_event from yTgWe8-J2Lzn6ANeAAA6 [object Object]
[2025-05-05T15:04:09.934Z] INFO: [Test] Received test_event from Ynik-si1xfmlHUO2AAAk [object Object]
[2025-05-05T15:04:09.935Z] INFO: [Test] Received test_event from TklEq-rNKoUg2JbZAAAl [object Object]
[2025-05-05T15:04:09.939Z] INFO: [Test] Received test_event from 863ixioZsunehxlRAAAm [object Object]
[2025-05-05T15:04:09.946Z] INFO: [Test] Received test_event from 7COhjDyWXx1OUDPUAAAn [object Object]
[2025-05-05T15:04:09.958Z] INFO: [Test] Received test_event from weEmm_XUy3W_b7jNAAAs [object Object]
[2025-05-05T15:04:09.960Z] INFO: [Test] Received test_event from 7LTL9xpZDOecBCWCAAAt [object Object]
[2025-05-05T15:04:09.960Z] INFO: [Test] Received test_event from z43yR-cXb4Gq0deCAAAq [object Object]
[2025-05-05T15:04:09.961Z] INFO: [Test] Received test_event from WEMVzSi8er0NYNHtAAAo [object Object]
[2025-05-05T15:04:09.966Z] INFO: [Test] Received test_event from SVVF67SjihRt4CdWAAAp [object Object]
[2025-05-05T15:04:09.967Z] INFO: [Test] Received test_event from AcUsCjHtUrqiBGJ2AAAr [object Object]
[2025-05-05T15:04:10.223Z] INFO: [Test] Received test_event from c-GSkr2ASiziNQwEAAA4 [object Object]
[2025-05-05T15:04:10.723Z] INFO: [Test] Received test_event from DYqOH9v0xiRnMfhQAABB [object Object]
[2025-05-05T15:04:10.724Z] INFO: [Test] Received test_event from ZwmRkfvlRYIT_Ix7AAA- [object Object]
[2025-05-05T15:04:10.724Z] INFO: [Test] Received test_event from eNVFVEaNv5HEgQblAAA_ [object Object]
[2025-05-05T15:04:10.725Z] INFO: [Test] Received test_event from EbuDYirrKGhLTmTyAABA [object Object]
[2025-05-05T15:04:10.813Z] INFO: [Test] Received test_event from JEPwOy6AQFqwN4dFAAA8 [object Object]
[2025-05-05T15:04:10.816Z] INFO: [Test] Received test_event from xKnM0rACNjBzxVMZAAA5 [object Object]
[2025-05-05T15:04:10.816Z] INFO: [Test] Received test_event from 0VzdP60zAaPJBk9hAAA9 [object Object]
[2025-05-05T15:04:10.816Z] INFO: [Test] Received test_event from 4-rSrbzbp56Hcpv4AAA7 [object Object]
[2025-05-05T15:04:10.817Z] INFO: [Test] Received test_event from yTgWe8-J2Lzn6ANeAAA6 [object Object]
[2025-05-05T15:04:10.930Z] INFO: [Test] Received test_event from Ynik-si1xfmlHUO2AAAk [object Object]
[2025-05-05T15:04:10.938Z] INFO: [Test] Received test_event from TklEq-rNKoUg2JbZAAAl [object Object]
[2025-05-05T15:04:10.946Z] INFO: [Test] Received test_event from 863ixioZsunehxlRAAAm [object Object]
[2025-05-05T15:04:10.947Z] INFO: [Test] Received test_event from 7COhjDyWXx1OUDPUAAAn [object Object]
[2025-05-05T15:04:10.958Z] INFO: [Test] Received test_event from weEmm_XUy3W_b7jNAAAs [object Object]
[2025-05-05T15:04:10.960Z] INFO: [Test] Received test_event from WEMVzSi8er0NYNHtAAAo [object Object]
[2025-05-05T15:04:10.963Z] INFO: [Test] Received test_event from SVVF67SjihRt4CdWAAAp [object Object]
[2025-05-05T15:04:10.963Z] INFO: [Test] Received test_event from 7LTL9xpZDOecBCWCAAAt [object Object]
[2025-05-05T15:04:10.964Z] INFO: [Test] Received test_event from z43yR-cXb4Gq0deCAAAq [object Object]
[2025-05-05T15:04:10.964Z] INFO: [Test] Received test_event from AcUsCjHtUrqiBGJ2AAAr [object Object]
[2025-05-05T15:04:11.223Z] INFO: [Test] Received test_event from c-GSkr2ASiziNQwEAAA4 [object Object]
[2025-05-05T15:04:11.727Z] INFO: [Test] Received test_event from DYqOH9v0xiRnMfhQAABB [object Object]
[2025-05-05T15:04:11.728Z] INFO: [Test] Received test_event from ZwmRkfvlRYIT_Ix7AAA- [object Object]
[2025-05-05T15:04:11.728Z] INFO: [Test] Received test_event from eNVFVEaNv5HEgQblAAA_ [object Object]
[2025-05-05T15:04:11.729Z] INFO: [Test] Received test_event from EbuDYirrKGhLTmTyAABA [object Object]
[2025-05-05T15:04:11.810Z] INFO: [Test] Received test_event from JEPwOy6AQFqwN4dFAAA8 [object Object]
[2025-05-05T15:04:11.815Z] INFO: [Test] Received test_event from xKnM0rACNjBzxVMZAAA5 [object Object]
[2025-05-05T15:04:11.816Z] INFO: [Test] Received test_event from 0VzdP60zAaPJBk9hAAA9 [object Object]
[2025-05-05T15:04:11.816Z] INFO: [Test] Received test_event from 4-rSrbzbp56Hcpv4AAA7 [object Object]
[2025-05-05T15:04:11.817Z] INFO: [Test] Received test_event from yTgWe8-J2Lzn6ANeAAA6 [object Object]
[2025-05-05T15:04:11.918Z] INFO: [Test] Received test_event from Ynik-si1xfmlHUO2AAAk [object Object]
[2025-05-05T15:04:11.922Z] INFO: [Test] Received test_event from TklEq-rNKoUg2JbZAAAl [object Object]
[2025-05-05T15:04:11.939Z] INFO: [Test] Received test_event from 863ixioZsunehxlRAAAm [object Object]
[2025-05-05T15:04:11.944Z] INFO: [Test] Received test_event from 7COhjDyWXx1OUDPUAAAn [object Object]
[2025-05-05T15:04:11.958Z] INFO: [Test] Received test_event from weEmm_XUy3W_b7jNAAAs [object Object]
[2025-05-05T15:04:11.959Z] INFO: [Test] Received test_event from 7LTL9xpZDOecBCWCAAAt [object Object]
[2025-05-05T15:04:11.960Z] INFO: [Test] Received test_event from WEMVzSi8er0NYNHtAAAo [object Object]
[2025-05-05T15:04:11.962Z] INFO: [Test] Received test_event from SVVF67SjihRt4CdWAAAp [object Object]
[2025-05-05T15:04:11.963Z] INFO: [Test] Received test_event from AcUsCjHtUrqiBGJ2AAAr [object Object]
[2025-05-05T15:04:11.964Z] INFO: [Test] Received test_event from z43yR-cXb4Gq0deCAAAq [object Object]
[2025-05-05T15:04:12.223Z] INFO: [Test] Received test_event from c-GSkr2ASiziNQwEAAA4 [object Object]
[2025-05-05T15:04:12.726Z] INFO: [Test] Received test_event from ZwmRkfvlRYIT_Ix7AAA- [object Object]
[2025-05-05T15:04:12.731Z] INFO: [Test] Received test_event from DYqOH9v0xiRnMfhQAABB [object Object]
[2025-05-05T15:04:12.731Z] INFO: [Test] Received test_event from eNVFVEaNv5HEgQblAAA_ [object Object]
[2025-05-05T15:04:12.732Z] INFO: [Test] Received test_event from EbuDYirrKGhLTmTyAABA [object Object]
[2025-05-05T15:04:12.814Z] INFO: [Test] Received test_event from xKnM0rACNjBzxVMZAAA5 [object Object]
[2025-05-05T15:04:12.815Z] INFO: [Test] Received test_event from 4-rSrbzbp56Hcpv4AAA7 [object Object]
[2025-05-05T15:04:12.816Z] INFO: [Test] Received test_event from yTgWe8-J2Lzn6ANeAAA6 [object Object]
[2025-05-05T15:04:12.816Z] INFO: [Test] Received test_event from JEPwOy6AQFqwN4dFAAA8 [object Object]
[2025-05-05T15:04:12.818Z] INFO: [Test] Received test_event from 0VzdP60zAaPJBk9hAAA9 [object Object]
[2025-05-05T15:04:12.919Z] INFO: [Test] Received test_event from Ynik-si1xfmlHUO2AAAk [object Object]
[2025-05-05T15:04:12.926Z] INFO: [Test] Received test_event from TklEq-rNKoUg2JbZAAAl [object Object]
[2025-05-05T15:04:12.943Z] INFO: [Test] Received test_event from 7COhjDyWXx1OUDPUAAAn [object Object]
[2025-05-05T15:04:12.943Z] INFO: [Test] Received test_event from 863ixioZsunehxlRAAAm [object Object]
[2025-05-05T15:04:12.951Z] INFO: [Test] Received test_event from weEmm_XUy3W_b7jNAAAs [object Object]
[2025-05-05T15:04:12.952Z] INFO: [Test] Received test_event from WEMVzSi8er0NYNHtAAAo [object Object]
[2025-05-05T15:04:12.955Z] INFO: [Test] Received test_event from SVVF67SjihRt4CdWAAAp [object Object]
[2025-05-05T15:04:12.955Z] INFO: [Test] Received test_event from 7LTL9xpZDOecBCWCAAAt [object Object]
[2025-05-05T15:04:12.956Z] INFO: [Test] Received test_event from AcUsCjHtUrqiBGJ2AAAr [object Object]
[2025-05-05T15:04:12.956Z] INFO: [Test] Received test_event from z43yR-cXb4Gq0deCAAAq [object Object]
[2025-05-05T15:04:13.223Z] INFO: [Test] Received test_event from c-GSkr2ASiziNQwEAAA4 [object Object]
[2025-05-05T15:04:13.726Z] INFO: [Test] Received test_event from DYqOH9v0xiRnMfhQAABB [object Object]
[2025-05-05T15:04:13.727Z] INFO: [Test] Received test_event from ZwmRkfvlRYIT_Ix7AAA- [object Object]
[2025-05-05T15:04:13.727Z] INFO: [Test] Received test_event from eNVFVEaNv5HEgQblAAA_ [object Object]
[2025-05-05T15:04:13.728Z] INFO: [Test] Received test_event from EbuDYirrKGhLTmTyAABA [object Object]
[2025-05-05T15:04:13.814Z] INFO: [Test] Received test_event from 0VzdP60zAaPJBk9hAAA9 [object Object]
[2025-05-05T15:04:13.815Z] INFO: [Test] Received test_event from xKnM0rACNjBzxVMZAAA5 [object Object]
[2025-05-05T15:04:13.816Z] INFO: [Test] Received test_event from yTgWe8-J2Lzn6ANeAAA6 [object Object]
[2025-05-05T15:04:13.817Z] INFO: [Test] Received test_event from JEPwOy6AQFqwN4dFAAA8 [object Object]
[2025-05-05T15:04:13.817Z] INFO: [Test] Received test_event from 4-rSrbzbp56Hcpv4AAA7 [object Object]
[2025-05-05T15:04:13.934Z] INFO: [Test] Received test_event from Ynik-si1xfmlHUO2AAAk [object Object]
[2025-05-05T15:04:13.935Z] INFO: [Test] Received test_event from TklEq-rNKoUg2JbZAAAl [object Object]
[2025-05-05T15:04:13.935Z] INFO: [Test] Received test_event from 863ixioZsunehxlRAAAm [object Object]
[2025-05-05T15:04:13.952Z] INFO: [Test] Received test_event from weEmm_XUy3W_b7jNAAAs [object Object]
[2025-05-05T15:04:13.953Z] INFO: [Test] Received test_event from 7LTL9xpZDOecBCWCAAAt [object Object]
[2025-05-05T15:04:13.953Z] INFO: [Test] Received test_event from WEMVzSi8er0NYNHtAAAo [object Object]
[2025-05-05T15:04:13.954Z] INFO: [Test] Received test_event from 7COhjDyWXx1OUDPUAAAn [object Object]
[2025-05-05T15:04:13.958Z] INFO: [Test] Received test_event from SVVF67SjihRt4CdWAAAp [object Object]
[2025-05-05T15:04:13.959Z] INFO: [Test] Received test_event from z43yR-cXb4Gq0deCAAAq [object Object]
[2025-05-05T15:04:13.967Z] INFO: [Test] Received test_event from AcUsCjHtUrqiBGJ2AAAr [object Object]
[2025-05-05T15:04:14.226Z] INFO: [Test] Received test_event from c-GSkr2ASiziNQwEAAA4 [object Object]
[2025-05-05T15:04:14.730Z] INFO: [Test] Received test_event from ZwmRkfvlRYIT_Ix7AAA- [object Object]
[2025-05-05T15:04:14.738Z] INFO: [Test] Received test_event from DYqOH9v0xiRnMfhQAABB [object Object]
[2025-05-05T15:04:14.739Z] INFO: [Test] Received test_event from eNVFVEaNv5HEgQblAAA_ [object Object]
[2025-05-05T15:04:14.739Z] INFO: [Test] Received test_event from EbuDYirrKGhLTmTyAABA [object Object]
[2025-05-05T15:04:14.819Z] INFO: [Test] Received test_event from JEPwOy6AQFqwN4dFAAA8 [object Object]
[2025-05-05T15:04:14.827Z] INFO: [Test] Received test_event from xKnM0rACNjBzxVMZAAA5 [object Object]
[2025-05-05T15:04:14.828Z] INFO: [Test] Received test_event from 0VzdP60zAaPJBk9hAAA9 [object Object]
[2025-05-05T15:04:14.828Z] INFO: [Test] Received test_event from 4-rSrbzbp56Hcpv4AAA7 [object Object]
[2025-05-05T15:04:14.829Z] INFO: [Test] Received test_event from yTgWe8-J2Lzn6ANeAAA6 [object Object]
[2025-05-05T15:04:14.934Z] INFO: [Test] Received test_event from Ynik-si1xfmlHUO2AAAk [object Object]
[2025-05-05T15:04:14.935Z] INFO: [Test] Received test_event from TklEq-rNKoUg2JbZAAAl [object Object]
[2025-05-05T15:04:14.935Z] INFO: [Test] Received test_event from 863ixioZsunehxlRAAAm [object Object]
[2025-05-05T15:04:14.954Z] INFO: [Test] Received test_event from 7COhjDyWXx1OUDPUAAAn [object Object]
[2025-05-05T15:04:14.962Z] INFO: [Test] Received test_event from SVVF67SjihRt4CdWAAAp [object Object]
[2025-05-05T15:04:14.963Z] INFO: [Test] Received test_event from weEmm_XUy3W_b7jNAAAs [object Object]
[2025-05-05T15:04:14.963Z] INFO: [Test] Received test_event from 7LTL9xpZDOecBCWCAAAt [object Object]
[2025-05-05T15:04:14.964Z] INFO: [Test] Received test_event from AcUsCjHtUrqiBGJ2AAAr [object Object]
[2025-05-05T15:04:14.964Z] INFO: [Test] Received test_event from z43yR-cXb4Gq0deCAAAq [object Object]
[2025-05-05T15:04:14.964Z] INFO: [Test] Received test_event from WEMVzSi8er0NYNHtAAAo [object Object]
[2025-05-05T15:04:15.231Z] INFO: [Test] Received test_event from c-GSkr2ASiziNQwEAAA4 [object Object]
[2025-05-05T15:04:15.730Z] INFO: [Test] Received test_event from ZwmRkfvlRYIT_Ix7AAA- [object Object]
[2025-05-05T15:04:15.738Z] INFO: [Test] Received test_event from DYqOH9v0xiRnMfhQAABB [object Object]
[2025-05-05T15:04:15.739Z] INFO: [Test] Received test_event from eNVFVEaNv5HEgQblAAA_ [object Object]
[2025-05-05T15:04:15.739Z] INFO: [Test] Received test_event from EbuDYirrKGhLTmTyAABA [object Object]
[2025-05-05T15:04:15.826Z] INFO: [Test] Received test_event from xKnM0rACNjBzxVMZAAA5 [object Object]
[2025-05-05T15:04:15.827Z] INFO: [Test] Received test_event from 0VzdP60zAaPJBk9hAAA9 [object Object]
[2025-05-05T15:04:15.828Z] INFO: [Test] Received test_event from JEPwOy6AQFqwN4dFAAA8 [object Object]
[2025-05-05T15:04:15.828Z] INFO: [Test] Received test_event from 4-rSrbzbp56Hcpv4AAA7 [object Object]
[2025-05-05T15:04:15.828Z] INFO: [Test] Received test_event from yTgWe8-J2Lzn6ANeAAA6 [object Object]
[2025-05-05T15:04:15.934Z] INFO: [Test] Received test_event from Ynik-si1xfmlHUO2AAAk [object Object]
[2025-05-05T15:04:15.934Z] INFO: [Test] Received test_event from TklEq-rNKoUg2JbZAAAl [object Object]
[2025-05-05T15:04:15.943Z] INFO: [Test] Received test_event from 863ixioZsunehxlRAAAm [object Object]
[2025-05-05T15:04:15.958Z] INFO: [Test] Received test_event from 7COhjDyWXx1OUDPUAAAn [object Object]
[2025-05-05T15:04:15.959Z] INFO: [Test] Received test_event from WEMVzSi8er0NYNHtAAAo [object Object]
[2025-05-05T15:04:15.966Z] INFO: [Test] Received test_event from SVVF67SjihRt4CdWAAAp [object Object]
[2025-05-05T15:04:15.966Z] INFO: [Test] Received test_event from 7LTL9xpZDOecBCWCAAAt [object Object]
[2025-05-05T15:04:15.966Z] INFO: [Test] Received test_event from weEmm_XUy3W_b7jNAAAs [object Object]
[2025-05-05T15:04:15.967Z] INFO: [Test] Received test_event from AcUsCjHtUrqiBGJ2AAAr [object Object]
[2025-05-05T15:04:15.967Z] INFO: [Test] Received test_event from z43yR-cXb4Gq0deCAAAq [object Object]
[2025-05-05T15:04:16.230Z] INFO: [Test] Received test_event from c-GSkr2ASiziNQwEAAA4 [object Object]
[2025-05-05T15:04:16.730Z] INFO: [Test] Received test_event from ZwmRkfvlRYIT_Ix7AAA- [object Object]
[2025-05-05T15:04:16.738Z] INFO: [Test] Received test_event from DYqOH9v0xiRnMfhQAABB [object Object]
[2025-05-05T15:04:16.739Z] INFO: [Test] Received test_event from eNVFVEaNv5HEgQblAAA_ [object Object]
[2025-05-05T15:04:16.739Z] INFO: [Test] Received test_event from EbuDYirrKGhLTmTyAABA [object Object]
[2025-05-05T15:04:16.819Z] INFO: [Test] Received test_event from JEPwOy6AQFqwN4dFAAA8 [object Object]
[2025-05-05T15:04:16.826Z] INFO: [Test] Received test_event from 0VzdP60zAaPJBk9hAAA9 [object Object]
[2025-05-05T15:04:16.827Z] INFO: [Test] Received test_event from xKnM0rACNjBzxVMZAAA5 [object Object]
[2025-05-05T15:04:16.827Z] INFO: [Test] Received test_event from 4-rSrbzbp56Hcpv4AAA7 [object Object]
[2025-05-05T15:04:16.828Z] INFO: [Test] Received test_event from yTgWe8-J2Lzn6ANeAAA6 [object Object]
[2025-05-05T15:04:16.934Z] INFO: [Test] Received test_event from Ynik-si1xfmlHUO2AAAk [object Object]
[2025-05-05T15:04:16.935Z] INFO: [Test] Received test_event from TklEq-rNKoUg2JbZAAAl [object Object]
[2025-05-05T15:04:16.943Z] INFO: [Test] Received test_event from 863ixioZsunehxlRAAAm [object Object]
[2025-05-05T15:04:16.958Z] INFO: [Test] Received test_event from WEMVzSi8er0NYNHtAAAo [object Object]
[2025-05-05T15:04:16.959Z] INFO: [Test] Received test_event from 7COhjDyWXx1OUDPUAAAn [object Object]
[2025-05-05T15:04:16.966Z] INFO: [Test] Received test_event from weEmm_XUy3W_b7jNAAAs [object Object]
[2025-05-05T15:04:16.967Z] INFO: [Test] Received test_event from SVVF67SjihRt4CdWAAAp [object Object]
[2025-05-05T15:04:16.967Z] INFO: [Test] Received test_event from 7LTL9xpZDOecBCWCAAAt [object Object]
[2025-05-05T15:04:16.968Z] INFO: [Test] Received test_event from AcUsCjHtUrqiBGJ2AAAr [object Object]
[2025-05-05T15:04:16.969Z] INFO: [Test] Received test_event from z43yR-cXb4Gq0deCAAAq [object Object]
[2025-05-05T15:04:17.230Z] INFO: [Test] Received test_event from c-GSkr2ASiziNQwEAAA4 [object Object]
[2025-05-05T15:04:17.734Z] INFO: [Test] Received test_event from DYqOH9v0xiRnMfhQAABB [object Object]
[2025-05-05T15:04:17.735Z] INFO: [Test] Received test_event from ZwmRkfvlRYIT_Ix7AAA- [object Object]
[2025-05-05T15:04:17.736Z] INFO: [Test] Received test_event from eNVFVEaNv5HEgQblAAA_ [object Object]
[2025-05-05T15:04:17.736Z] INFO: [Test] Received test_event from EbuDYirrKGhLTmTyAABA [object Object]
[2025-05-05T15:04:17.823Z] INFO: [Test] Received test_event from xKnM0rACNjBzxVMZAAA5 [object Object]
[2025-05-05T15:04:17.824Z] INFO: [Test] Received test_event from 4-rSrbzbp56Hcpv4AAA7 [object Object]
[2025-05-05T15:04:17.825Z] INFO: [Test] Received test_event from yTgWe8-J2Lzn6ANeAAA6 [object Object]
[2025-05-05T15:04:17.825Z] INFO: [Test] Received test_event from JEPwOy6AQFqwN4dFAAA8 [object Object]
[2025-05-05T15:04:17.830Z] INFO: [Test] Received test_event from 0VzdP60zAaPJBk9hAAA9 [object Object]
[2025-05-05T15:04:17.926Z] INFO: [Test] Received test_event from Ynik-si1xfmlHUO2AAAk [object Object]
[2025-05-05T15:04:17.927Z] INFO: [Test] Received test_event from TklEq-rNKoUg2JbZAAAl [object Object]
[2025-05-05T15:04:17.938Z] INFO: [Test] Received test_event from 863ixioZsunehxlRAAAm [object Object]
[2025-05-05T15:04:17.954Z] INFO: [Test] Received test_event from 7COhjDyWXx1OUDPUAAAn [object Object]
[2025-05-05T15:04:17.955Z] INFO: [Test] Received test_event from WEMVzSi8er0NYNHtAAAo [object Object]
[2025-05-05T15:04:17.962Z] INFO: [Test] Received test_event from weEmm_XUy3W_b7jNAAAs [object Object]
[2025-05-05T15:04:17.963Z] INFO: [Test] Received test_event from SVVF67SjihRt4CdWAAAp [object Object]
[2025-05-05T15:04:17.963Z] INFO: [Test] Received test_event from 7LTL9xpZDOecBCWCAAAt [object Object]
[2025-05-05T15:04:17.964Z] INFO: [Test] Received test_event from AcUsCjHtUrqiBGJ2AAAr [object Object]
[2025-05-05T15:04:17.964Z] INFO: [Test] Received test_event from z43yR-cXb4Gq0deCAAAq [object Object]
[2025-05-05T15:04:18.234Z] INFO: [Test] Received test_event from c-GSkr2ASiziNQwEAAA4 [object Object]
[2025-05-05T15:04:18.734Z] INFO: [Test] Received test_event from DYqOH9v0xiRnMfhQAABB [object Object]
[2025-05-05T15:04:18.735Z] INFO: [Test] Received test_event from ZwmRkfvlRYIT_Ix7AAA- [object Object]
[2025-05-05T15:04:18.735Z] INFO: [Test] Received test_event from eNVFVEaNv5HEgQblAAA_ [object Object]
[2025-05-05T15:04:18.736Z] INFO: [Test] Received test_event from EbuDYirrKGhLTmTyAABA [object Object]
[2025-05-05T15:04:18.822Z] INFO: [Test] Received test_event from JEPwOy6AQFqwN4dFAAA8 [object Object]
[2025-05-05T15:04:18.830Z] INFO: [Test] Received test_event from xKnM0rACNjBzxVMZAAA5 [object Object]
[2025-05-05T15:04:18.830Z] INFO: [Test] Received test_event from 0VzdP60zAaPJBk9hAAA9 [object Object]
[2025-05-05T15:04:18.831Z] INFO: [Test] Received test_event from 4-rSrbzbp56Hcpv4AAA7 [object Object]
[2025-05-05T15:04:18.831Z] INFO: [Test] Received test_event from yTgWe8-J2Lzn6ANeAAA6 [object Object]
[2025-05-05T15:04:18.939Z] INFO: [Test] Received test_event from Ynik-si1xfmlHUO2AAAk [object Object]
[2025-05-05T15:04:18.940Z] INFO: [Test] Received test_event from TklEq-rNKoUg2JbZAAAl [object Object]
[2025-05-05T15:04:18.940Z] INFO: [Test] Received test_event from 863ixioZsunehxlRAAAm [object Object]
[2025-05-05T15:04:18.954Z] INFO: [Test] Received test_event from weEmm_XUy3W_b7jNAAAs [object Object]
[2025-05-05T15:04:18.955Z] INFO: [Test] Received test_event from 7LTL9xpZDOecBCWCAAAt [object Object]
[2025-05-05T15:04:18.955Z] INFO: [Test] Received test_event from 7COhjDyWXx1OUDPUAAAn [object Object]
[2025-05-05T15:04:18.956Z] INFO: [Test] Received test_event from WEMVzSi8er0NYNHtAAAo [object Object]
[2025-05-05T15:04:18.962Z] INFO: [Test] Received test_event from SVVF67SjihRt4CdWAAAp [object Object]
[2025-05-05T15:04:18.963Z] INFO: [Test] Received test_event from z43yR-cXb4Gq0deCAAAq [object Object]
[2025-05-05T15:04:18.972Z] INFO: [Test] Received test_event from AcUsCjHtUrqiBGJ2AAAr [object Object]
[2025-05-05T15:04:19.234Z] INFO: [Test] Received test_event from c-GSkr2ASiziNQwEAAA4 [object Object]
[2025-05-05T15:04:19.738Z] INFO: [Test] Received test_event from DYqOH9v0xiRnMfhQAABB [object Object]
[2025-05-05T15:04:19.739Z] INFO: [Test] Received test_event from ZwmRkfvlRYIT_Ix7AAA- [object Object]
[2025-05-05T15:04:19.740Z] INFO: [Test] Received test_event from eNVFVEaNv5HEgQblAAA_ [object Object]
[2025-05-05T15:04:19.740Z] INFO: [Test] Received test_event from EbuDYirrKGhLTmTyAABA [object Object]
[2025-05-05T15:04:19.827Z] INFO: [Test] Received test_event from xKnM0rACNjBzxVMZAAA5 [object Object]
[2025-05-05T15:04:19.828Z] INFO: [Test] Received test_event from 4-rSrbzbp56Hcpv4AAA7 [object Object]
[2025-05-05T15:04:19.829Z] INFO: [Test] Received test_event from JEPwOy6AQFqwN4dFAAA8 [object Object]
[2025-05-05T15:04:19.835Z] INFO: [Test] Received test_event from 0VzdP60zAaPJBk9hAAA9 [object Object]
[2025-05-05T15:04:19.836Z] INFO: [Test] Received test_event from yTgWe8-J2Lzn6ANeAAA6 [object Object]
[2025-05-05T15:04:19.926Z] INFO: [Test] Received test_event from TklEq-rNKoUg2JbZAAAl [object Object]
[2025-05-05T15:04:19.928Z] INFO: [Test] Received test_event from Ynik-si1xfmlHUO2AAAk [object Object]
[2025-05-05T15:04:19.928Z] INFO: [Test] Received test_event from 863ixioZsunehxlRAAAm [object Object]
[2025-05-05T15:04:19.935Z] INFO: [Test] Received test_event from 7COhjDyWXx1OUDPUAAAn [object Object]
[2025-05-05T15:04:19.951Z] INFO: [Test] Received test_event from weEmm_XUy3W_b7jNAAAs [object Object]
[2025-05-05T15:04:19.952Z] INFO: [Test] Received test_event from 7LTL9xpZDOecBCWCAAAt [object Object]
[2025-05-05T15:04:19.953Z] INFO: [Test] Received test_event from z43yR-cXb4Gq0deCAAAq [object Object]
[2025-05-05T15:04:19.954Z] INFO: [Test] Received test_event from WEMVzSi8er0NYNHtAAAo [object Object]
[2025-05-05T15:04:19.958Z] INFO: [Test] Received test_event from SVVF67SjihRt4CdWAAAp [object Object]
[2025-05-05T15:04:19.958Z] INFO: [Test] Received test_event from AcUsCjHtUrqiBGJ2AAAr [object Object]
[2025-05-05T15:04:20.231Z] INFO: [Test] Received test_event from c-GSkr2ASiziNQwEAAA4 [object Object]
[2025-05-05T15:04:20.739Z] INFO: [Test] Received test_event from DYqOH9v0xiRnMfhQAABB [object Object]
[2025-05-05T15:04:20.740Z] INFO: [Test] Received test_event from ZwmRkfvlRYIT_Ix7AAA- [object Object]
[2025-05-05T15:04:20.740Z] INFO: [Test] Received test_event from eNVFVEaNv5HEgQblAAA_ [object Object]
[2025-05-05T15:04:20.741Z] INFO: [Test] Received test_event from EbuDYirrKGhLTmTyAABA [object Object]
[2025-05-05T15:04:20.823Z] INFO: [Test] Received test_event from xKnM0rACNjBzxVMZAAA5 [object Object]
[2025-05-05T15:04:20.824Z] INFO: [Test] Received test_event from JEPwOy6AQFqwN4dFAAA8 [object Object]
[2025-05-05T15:04:20.831Z] INFO: [Test] Received test_event from 0VzdP60zAaPJBk9hAAA9 [object Object]
[2025-05-05T15:04:20.831Z] INFO: [Test] Received test_event from 4-rSrbzbp56Hcpv4AAA7 [object Object]
[2025-05-05T15:04:20.832Z] INFO: [Test] Received test_event from yTgWe8-J2Lzn6ANeAAA6 [object Object]
[2025-05-05T15:04:20.927Z] INFO: [Test] Received test_event from Ynik-si1xfmlHUO2AAAk [object Object]
[2025-05-05T15:04:20.928Z] INFO: [Test] Received test_event from TklEq-rNKoUg2JbZAAAl [object Object]
[2025-05-05T15:04:20.940Z] INFO: [Test] Received test_event from 863ixioZsunehxlRAAAm [object Object]
[2025-05-05T15:04:20.955Z] INFO: [Test] Received test_event from weEmm_XUy3W_b7jNAAAs [object Object]
[2025-05-05T15:04:20.955Z] INFO: [Test] Received test_event from WEMVzSi8er0NYNHtAAAo [object Object]
[2025-05-05T15:04:20.956Z] INFO: [Test] Received test_event from 7COhjDyWXx1OUDPUAAAn [object Object]
[2025-05-05T15:04:20.963Z] INFO: [Test] Received test_event from 7LTL9xpZDOecBCWCAAAt [object Object]
[2025-05-05T15:04:20.964Z] INFO: [Test] Received test_event from SVVF67SjihRt4CdWAAAp [object Object]
[2025-05-05T15:04:20.966Z] INFO: [Test] Received test_event from AcUsCjHtUrqiBGJ2AAAr [object Object]
[2025-05-05T15:04:20.966Z] INFO: [Test] Received test_event from z43yR-cXb4Gq0deCAAAq [object Object]
[2025-05-05T15:04:21.235Z] INFO: [Test] Received test_event from c-GSkr2ASiziNQwEAAA4 [object Object]
[2025-05-05T15:04:21.735Z] INFO: [Test] Received test_event from ZwmRkfvlRYIT_Ix7AAA- [object Object]
[2025-05-05T15:04:21.742Z] INFO: [Test] Received test_event from DYqOH9v0xiRnMfhQAABB [object Object]
[2025-05-05T15:04:21.743Z] INFO: [Test] Received test_event from eNVFVEaNv5HEgQblAAA_ [object Object]
[2025-05-05T15:04:21.743Z] INFO: [Test] Received test_event from EbuDYirrKGhLTmTyAABA [object Object]
[2025-05-05T15:04:21.823Z] INFO: [Test] Received test_event from JEPwOy6AQFqwN4dFAAA8 [object Object]
[2025-05-05T15:04:21.835Z] INFO: [Test] Received test_event from xKnM0rACNjBzxVMZAAA5 [object Object]
[2025-05-05T15:04:21.836Z] INFO: [Test] Received test_event from 0VzdP60zAaPJBk9hAAA9 [object Object]
[2025-05-05T15:04:21.836Z] INFO: [Test] Received test_event from 4-rSrbzbp56Hcpv4AAA7 [object Object]
[2025-05-05T15:04:21.837Z] INFO: [Test] Received test_event from yTgWe8-J2Lzn6ANeAAA6 [object Object]
[2025-05-05T15:04:21.931Z] INFO: [Test] Received test_event from Ynik-si1xfmlHUO2AAAk [object Object]
[2025-05-05T15:04:21.939Z] INFO: [Test] Received test_event from TklEq-rNKoUg2JbZAAAl [object Object]
[2025-05-05T15:04:21.940Z] INFO: [Test] Received test_event from 863ixioZsunehxlRAAAm [object Object]
[2025-05-05T15:04:21.951Z] INFO: [Test] Received test_event from 7COhjDyWXx1OUDPUAAAn [object Object]
[2025-05-05T15:04:21.959Z] INFO: [Test] Received test_event from weEmm_XUy3W_b7jNAAAs [object Object]
[2025-05-05T15:04:21.960Z] INFO: [Test] Received test_event from WEMVzSi8er0NYNHtAAAo [object Object]
[2025-05-05T15:04:21.967Z] INFO: [Test] Received test_event from 7LTL9xpZDOecBCWCAAAt [object Object]
[2025-05-05T15:04:21.969Z] INFO: [Test] Received test_event from SVVF67SjihRt4CdWAAAp [object Object]
[2025-05-05T15:04:21.970Z] INFO: [Test] Received test_event from z43yR-cXb4Gq0deCAAAq [object Object]
[2025-05-05T15:04:21.975Z] INFO: [Test] Received test_event from AcUsCjHtUrqiBGJ2AAAr [object Object]
[2025-05-05T15:04:22.239Z] INFO: [Test] Received test_event from c-GSkr2ASiziNQwEAAA4 [object Object]
[2025-05-05T15:04:22.739Z] INFO: [Test] Received test_event from ZwmRkfvlRYIT_Ix7AAA- [object Object]
[2025-05-05T15:04:22.747Z] INFO: [Test] Received test_event from DYqOH9v0xiRnMfhQAABB [object Object]
[2025-05-05T15:04:22.747Z] INFO: [Test] Received test_event from eNVFVEaNv5HEgQblAAA_ [object Object]
[2025-05-05T15:04:22.748Z] INFO: [Test] Received test_event from EbuDYirrKGhLTmTyAABA [object Object]
[2025-05-05T15:04:22.827Z] INFO: [Test] Received test_event from xKnM0rACNjBzxVMZAAA5 [object Object]
[2025-05-05T15:04:22.827Z] INFO: [Test] Received test_event from JEPwOy6AQFqwN4dFAAA8 [object Object]
[2025-05-05T15:04:22.828Z] INFO: [Test] Received test_event from 4-rSrbzbp56Hcpv4AAA7 [object Object]
[2025-05-05T15:04:22.828Z] INFO: [Test] Received test_event from yTgWe8-J2Lzn6ANeAAA6 [object Object]
[2025-05-05T15:04:22.835Z] INFO: [Test] Received test_event from 0VzdP60zAaPJBk9hAAA9 [object Object]
[2025-05-05T15:04:22.931Z] INFO: [Test] Received test_event from Ynik-si1xfmlHUO2AAAk [object Object]
[2025-05-05T15:04:22.932Z] INFO: [Test] Received test_event from TklEq-rNKoUg2JbZAAAl [object Object]
[2025-05-05T15:04:22.940Z] INFO: [Test] Received test_event from 863ixioZsunehxlRAAAm [object Object]
[2025-05-05T15:04:22.947Z] INFO: [Test] Received test_event from 7COhjDyWXx1OUDPUAAAn [object Object]
[2025-05-05T15:04:22.959Z] INFO: [Test] Received test_event from WEMVzSi8er0NYNHtAAAo [object Object]
[2025-05-05T15:04:22.967Z] INFO: [Test] Received test_event from SVVF67SjihRt4CdWAAAp [object Object]
[2025-05-05T15:04:22.969Z] INFO: [Test] Received test_event from 7LTL9xpZDOecBCWCAAAt [object Object]
[2025-05-05T15:04:22.969Z] INFO: [Test] Received test_event from weEmm_XUy3W_b7jNAAAs [object Object]
[2025-05-05T15:04:22.970Z] INFO: [Test] Received test_event from z43yR-cXb4Gq0deCAAAq [object Object]
[2025-05-05T15:04:22.970Z] INFO: [Test] Received test_event from AcUsCjHtUrqiBGJ2AAAr [object Object]
[2025-05-05T15:04:23.231Z] INFO: [Test] Received test_event from c-GSkr2ASiziNQwEAAA4 [object Object]
[2025-05-05T15:04:23.739Z] INFO: [Test] Received test_event from DYqOH9v0xiRnMfhQAABB [object Object]
[2025-05-05T15:04:23.740Z] INFO: [Test] Received test_event from eNVFVEaNv5HEgQblAAA_ [object Object]
[2025-05-05T15:04:23.740Z] INFO: [Test] Received test_event from ZwmRkfvlRYIT_Ix7AAA- [object Object]
[2025-05-05T15:04:23.741Z] INFO: [Test] Received test_event from EbuDYirrKGhLTmTyAABA [object Object]
[2025-05-05T15:04:23.832Z] INFO: [Test] Received test_event from xKnM0rACNjBzxVMZAAA5 [object Object]
[2025-05-05T15:04:23.833Z] INFO: [Test] Received test_event from JEPwOy6AQFqwN4dFAAA8 [object Object]
[2025-05-05T15:04:23.838Z] INFO: [Test] Received test_event from 0VzdP60zAaPJBk9hAAA9 [object Object]
[2025-05-05T15:04:23.839Z] INFO: [Test] Received test_event from yTgWe8-J2Lzn6ANeAAA6 [object Object]
[2025-05-05T15:04:23.839Z] INFO: [Test] Received test_event from 4-rSrbzbp56Hcpv4AAA7 [object Object]
[2025-05-05T15:04:23.927Z] INFO: [Test] Received test_event from Ynik-si1xfmlHUO2AAAk [object Object]
[2025-05-05T15:04:23.928Z] INFO: [Test] Received test_event from TklEq-rNKoUg2JbZAAAl [object Object]
[2025-05-05T15:04:23.931Z] INFO: [Test] Received test_event from 863ixioZsunehxlRAAAm [object Object]
[2025-05-05T15:04:23.951Z] INFO: [Test] Received test_event from weEmm_XUy3W_b7jNAAAs [object Object]
[2025-05-05T15:04:23.952Z] INFO: [Test] Received test_event from 7LTL9xpZDOecBCWCAAAt [object Object]
[2025-05-05T15:04:23.953Z] INFO: [Test] Received test_event from WEMVzSi8er0NYNHtAAAo [object Object]
[2025-05-05T15:04:23.954Z] INFO: [Test] Received test_event from 7COhjDyWXx1OUDPUAAAn [object Object]
[2025-05-05T15:04:23.960Z] INFO: [Test] Received test_event from SVVF67SjihRt4CdWAAAp [object Object]
[2025-05-05T15:04:23.961Z] INFO: [Test] Received test_event from z43yR-cXb4Gq0deCAAAq [object Object]
[2025-05-05T15:04:23.962Z] INFO: [Test] Received test_event from AcUsCjHtUrqiBGJ2AAAr [object Object]
[2025-05-05T15:04:24.240Z] INFO: [Test] Received test_event from c-GSkr2ASiziNQwEAAA4 [object Object]
[2025-05-05T15:04:24.735Z] INFO: [Test] Received test_event from ZwmRkfvlRYIT_Ix7AAA- [object Object]
[2025-05-05T15:04:24.742Z] INFO: [Test] Received test_event from DYqOH9v0xiRnMfhQAABB [object Object]
[2025-05-05T15:04:24.743Z] INFO: [Test] Received test_event from eNVFVEaNv5HEgQblAAA_ [object Object]
[2025-05-05T15:04:24.743Z] INFO: [Test] Received test_event from EbuDYirrKGhLTmTyAABA [object Object]
[2025-05-05T15:04:24.827Z] INFO: [Test] Received test_event from xKnM0rACNjBzxVMZAAA5 [object Object]
[2025-05-05T15:04:24.828Z] INFO: [Test] Received test_event from JEPwOy6AQFqwN4dFAAA8 [object Object]
[2025-05-05T15:04:24.829Z] INFO: [Test] Received test_event from 4-rSrbzbp56Hcpv4AAA7 [object Object]
[2025-05-05T15:04:24.829Z] INFO: [Test] Received test_event from yTgWe8-J2Lzn6ANeAAA6 [object Object]
[2025-05-05T15:04:24.834Z] INFO: [Test] Received test_event from 0VzdP60zAaPJBk9hAAA9 [object Object]
[2025-05-05T15:04:24.918Z] INFO: [Test] Received test_event from Ynik-si1xfmlHUO2AAAk [object Object]
[2025-05-05T15:04:24.923Z] INFO: [Test] Received test_event from TklEq-rNKoUg2JbZAAAl [object Object]
[2025-05-05T15:04:24.934Z] INFO: [Test] Received test_event from 863ixioZsunehxlRAAAm [object Object]
[2025-05-05T15:04:24.947Z] INFO: [Test] Received test_event from WEMVzSi8er0NYNHtAAAo [object Object]
[2025-05-05T15:04:24.949Z] INFO: [Test] Received test_event from 7COhjDyWXx1OUDPUAAAn [object Object]
[2025-05-05T15:04:24.956Z] INFO: [Test] Received test_event from weEmm_XUy3W_b7jNAAAs [object Object]
[2025-05-05T15:04:24.957Z] INFO: [Test] Received test_event from 7LTL9xpZDOecBCWCAAAt [object Object]
[2025-05-05T15:04:24.958Z] INFO: [Test] Received test_event from z43yR-cXb4Gq0deCAAAq [object Object]
[2025-05-05T15:04:24.967Z] INFO: [Test] Received test_event from SVVF67SjihRt4CdWAAAp [object Object]
[2025-05-05T15:04:24.968Z] INFO: [Test] Received test_event from AcUsCjHtUrqiBGJ2AAAr [object Object]
[2025-05-05T15:04:25.242Z] INFO: [Test] Received test_event from c-GSkr2ASiziNQwEAAA4 [object Object]
[2025-05-05T15:04:25.738Z] INFO: [Test] Received test_event from ZwmRkfvlRYIT_Ix7AAA- [object Object]
[2025-05-05T15:04:25.747Z] INFO: [Test] Received test_event from DYqOH9v0xiRnMfhQAABB [object Object]
[2025-05-05T15:04:25.747Z] INFO: [Test] Received test_event from eNVFVEaNv5HEgQblAAA_ [object Object]
[2025-05-05T15:04:25.748Z] INFO: [Test] Received test_event from EbuDYirrKGhLTmTyAABA [object Object]
[2025-05-05T15:04:25.830Z] INFO: [Test] Received test_event from xKnM0rACNjBzxVMZAAA5 [object Object]
[2025-05-05T15:04:25.831Z] INFO: [Test] Received test_event from 0VzdP60zAaPJBk9hAAA9 [object Object]
[2025-05-05T15:04:25.832Z] INFO: [Test] Received test_event from yTgWe8-J2Lzn6ANeAAA6 [object Object]
[2025-05-05T15:04:25.832Z] INFO: [Test] Received test_event from 4-rSrbzbp56Hcpv4AAA7 [object Object]
[2025-05-05T15:04:25.833Z] INFO: [Test] Received test_event from JEPwOy6AQFqwN4dFAAA8 [object Object]
[2025-05-05T15:04:26.239Z] INFO: [Test] Received test_event from c-GSkr2ASiziNQwEAAA4 [object Object]
[2025-05-05T15:04:26.742Z] INFO: [Test] Received test_event from ZwmRkfvlRYIT_Ix7AAA- [object Object]
[2025-05-05T15:04:26.743Z] INFO: [Test] Received test_event from eNVFVEaNv5HEgQblAAA_ [object Object]
[2025-05-05T15:04:26.750Z] INFO: [Test] Received test_event from DYqOH9v0xiRnMfhQAABB [object Object]
[2025-05-05T15:04:26.750Z] INFO: [Test] Received test_event from EbuDYirrKGhLTmTyAABA [object Object]
[2025-05-05T15:04:26.830Z] INFO: [Test] Received test_event from JEPwOy6AQFqwN4dFAAA8 [object Object]
[2025-05-05T15:04:26.838Z] INFO: [Test] Received test_event from 0VzdP60zAaPJBk9hAAA9 [object Object]
[2025-05-05T15:04:26.839Z] INFO: [Test] Received test_event from xKnM0rACNjBzxVMZAAA5 [object Object]
[2025-05-05T15:04:26.839Z] INFO: [Test] Received test_event from 4-rSrbzbp56Hcpv4AAA7 [object Object]
[2025-05-05T15:04:26.840Z] INFO: [Test] Received test_event from yTgWe8-J2Lzn6ANeAAA6 [object Object]
[2025-05-05T15:04:27.242Z] INFO: [Test] Received test_event from c-GSkr2ASiziNQwEAAA4 [object Object]
[2025-05-05T15:04:50.047Z] INFO: Lee disconnected
[2025-05-05T15:05:07.098Z] INFO: [Test] Received test_event from Qz84TMNuMjDE8hUzAAAB [object Object]
[2025-05-05T15:05:10.807Z] INFO: [Ack Test] Received ack_test from Qz84TMNuMjDE8hUzAAAB [object Object]
[2025-05-05T15:05:31.017Z] INFO: New user connected: -AGhiGTULHw3VKcBAABD as Lee
[2025-05-05T15:05:31.125Z] INFO: Lee joined the chat
[2025-05-05T15:06:41.148Z] INFO: Lee disconnected
[2025-05-05T15:08:32.319Z] INFO: New user connected: 7jkdIpEdhW88fWWdAABF as Lee
[2025-05-05T15:08:32.428Z] INFO: Lee joined the chat
[2025-05-05T15:09:07.379Z] INFO: Lee disconnected
[2025-05-05T16:36:47.810Z] INFO: New user connected: Wd2UTkL6czf2NmEYAABH as Lee
